 标签ANT_2B 采集顺序:4B 4A 3A 3B 2A 2B 7B 7A 6B 6A 5B 5A * 2 MAC:b231f9e364c4
 40+7i 33+26i 21+36i 5+40i -14+39i -27+33i -35+20i -37+3i
 -30-72i -3-79i 25-76i 53-60i 70-37i 77-9i 70+24i 51+50i
 -21+58i -42+49i -57+30i -63+7i -63-19i -52-46i -33-59i -3-61i
 106-21i 109+20i 96+57i 64+91i 26+109i -16+111i -60+90i -87+57i
 -32-97i 7-103i 50-89i 80-65i 98-35i 103+5i 93+41i 71+75i
 69-8i 69+22i 58+44i 39+60i 8+70i -20+69i -44+58i -62+36i
 19-41i 31-32i 40-20i 45-2i 43+18i 35+36i 17+47i -3+45i
 -106-1i -100-38i -77-72i -44-95i -6-106i 38-98i 72-73i 95-36i
 60+22i 46+45i 25+57i 1+60i -27+54i -47+40i -59+19i -60-8i
 29-27i 37-14i 38+3i 34+16i 28+26i 19+35i 7+39i -8+38i
 52-22i 61+2i 58+22i 45+41i 21+57i -3+60i -24+54i -42+35i
 -47-46i -26-62i -1-67i 27-61i 47-47i 61-27i 67+0i 61+26i
 8-49i 20-41i 30-28i 34-14i 36+1i 34+17i 25+28i 11+35i
 -67+44i -79+12i -76-16i -64-42i -40-65i -13-77i 18-76i 51-59i
 68+6i 61+30i 45+49i 18+63i -8+67i -33+59i -52+38i -58+12i
 -54-98i -11-112i 28-108i 63-89i 95-52i 109-9i 105+35i 77+74i
 -82+62i -102+28i -107-12i -93-52i -69-79i -38-95i 3-97i 40-88i
 -39-58i -11-69i 19-70i 44-59i 63-40i 73-11i 71+16i 59+40i
 -43-3i -37-18i -28-30i -15-41i 2-47i 20-44i 34-32i 43-12i
 36+94i 2+101i -34+95i -70+74i -95+44i -105+7i -96-39i -69-75i
 6-60i 27-55i 46-40i 57-21i 62+0i 58+23i 46+43i 24+57i
 -32-20i -25-33i -12-43i 6-44i 21-37i 31-26i 39-10i 41+5i
 -19-51i 0-59i 20-58i 37-48i 51-31i 60-7i 57+15i 44+35i
 -28+59i -51+41i -63+19i -66-7i -59-35i -44-55i -22-67i 7-70i

 标签ANT_2B 采集顺序:4B 4A 3A 3B 2A 2B 7B 7A 6B 6A 5B 5A * 2 MAC:b231f9e364c4
 38+15i 30+27i 19+36i 5+40i -9+40i -23+34i -34+20i -39+5i
 -37-71i -7-80i 27-77i 53-63i 71-39i 77-7i 71+23i 57+48i
 -21+64i -43+48i -58+29i -66+6i -63-19i -49-39i -26-53i 1-58i
 108-28i 106+12i 91+51i 64+87i 32+106i -10+108i -48+93i -78+68i
 -39-92i 4-100i 43-92i 75-72i 96-34i 100+6i 92+45i 71+78i
 67-22i 70+0i 66+23i 51+48i 30+64i 4+71i -27+66i -48+51i
 9-45i 24-37i 38-23i 45-8i 47+7i 40+23i 27+34i 11+41i
 -105+15i -104-31i -86-67i -58-94i -18-109i 20-104i 56-84i 85-53i
 59+13i 48+34i 29+51i 3+62i -21+60i -41+48i -53+27i -57+6i
 20-34i 29-21i 34-5i 33+8i 27+22i 16+33i 2+41i -15+42i
 59-12i 59+10i 52+32i 37+51i 19+62i -3+64i -29+53i -46+36i
 -51-47i -31-60i -5-65i 17-62i 36-54i 54-37i 65-16i 69+8i
 0-40i 15-37i 27-28i 36-15i 39+2i 34+16i 23+27i 10+35i
 -59+50i -73+27i -79+1i -73-32i -58-57i -33-74i 1-81i 29-75i
 67-5i 65+19i 52+42i 33+59i 10+68i -19+63i -42+46i -57+24i
 -60-99i -16-113i 25-109i 67-88i 95-58i 110-17i 104+31i 84+66i
 -77+61i -96+26i -100-18i -88-54i -61-81i -17-99i 26-101i 63-87i
 -26-66i -1-70i 20-67i 39-60i 57-44i 66-23i 67+2i 60+28i
 -48+5i -45-14i -37-31i -24-45i -9-50i 8-45i 28-31i 40-18i
 34+90i -4+100i -47+95i -79+76i -101+45i -108-2i -95-44i -71-75i
 2-64i 25-58i 42-44i 55-24i 61+1i 55+24i 38+42i 13+54i
 -31-24i -20-33i -7-37i 8-37i 19-33i 30-24i 39-14i 45-1i
 -28-52i -7-59i 13-59i 32-52i 49-38i 58-19i 56+4i 47+28i
 -22+65i -43+50i -59+28i -68+1i -67-21i -56-41i -33-58i -7-66i

 标签ANT_2B 采集顺序:4B 4A 3A 3B 2A 2B 7B 7A 6B 6A 5B 5A * 2 MAC:b231f9e364c4
 -41+14i -43-3i -40-18i -31-32i -16-42i 0-45i 16-38i 34-25i
 62+53i 43+70i 15+78i -19+74i -50+57i -73+29i -82-7i -67-31i
 -10-64i 13-64i 35-55i 50-42i 60-23i 62+2i 54+24i 38+40i
 -78+83i -106+42i -112-3i -103-45i -78-81i -46-100i -6-104i 39-98i
 94+42i 75+69i 48+88i 7+97i -32+92i -70+74i -101+40i -106+1i
 -40+63i -55+40i -63+16i -65-11i -59-42i -44-65i -21-75i 14-62i
 14+46i 1+48i -12+43i -27+33i -36+20i -40+3i -35-14i -30-22i
 77-70i 96-34i 102+11i 94+49i 74+79i 37+99i -6+101i -49+87i
 -59+22i -64-3i -57-24i -41-43i -14-59i 13-64i 37-58i 52-35i
 -19+45i -36+40i -45+25i -45+3i -39-17i -30-32i -19-41i -8-41i
 -42+39i -55+23i -62-2i -58-24i -49-42i -30-53i -8-56i 18-55i
 70+3i 64+24i 49+44i 23+61i -5+67i -33+61i -56+40i -62+12i
 16+35i 2+40i -14+39i -26+34i -38+22i -42+3i -39-14i -31-24i
 17-79i 44-63i 63-40i 74-14i 77+16i 65+37i 38+56i 3+76i
 -57+39i -65+19i -63-5i -53-32i -38-50i -19-61i 6-59i 23-47i
 91+58i 62+86i 25+103i -11+107i -47+98i -80+71i -99+32i -102-10i
 29-93i 65-70i 89-40i 101-6i 95+33i 70+64i 34+88i -6+104i
 72+28i 57+50i 32+66i 6+73i -24+71i -55+58i -72+35i -67+1i
 34-35i 44-17i 42+2i 36+21i 26+36i 15+43i 1+43i -21+37i
 -72-75i -38-98i 3-106i 47-98i 78-77i 96-42i 100+7i 93+45i
 24+56i 3+62i -22+59i -42+50i -55+34i -58+11i -53-14i -51-39i
 39+0i 36+17i 31+30i 22+40i 7+45i -9+45i -25+38i -37+20i
 50+30i 37+44i 19+55i -3+60i -25+56i -46+43i -60+17i -60-6i
 -15-64i 17-64i 42-53i 58-35i 66-8i 63+18i 53+41i 31+56i

 标签ANT_2B 采集顺序:4B 4A 3A 3B 2A 2B 7B 7A 6B 6A 5B 5A * 2 MAC:b231f9e364c4
 44-2i 41+16i 31+28i 19+35i 7+40i -7+43i -20+38i -31+25i
 -54-61i -25-81i 6-83i 41-73i 66-53i 80-27i 81+5i 69+34i
 -8+63i -33+55i -52+35i -61+13i -62-9i -53-29i -38-42i -16-50i
 92-53i 105-9i 99+32i 79+68i 45+97i 10+109i -27+104i -65+80i
 -80-69i -51-94i -14-103i 29-97i 64-78i 89-48i 104-3i 101+40i
 46-51i 62-32i 70-6i 66+19i 54+43i 31+63i 8+69i -17+64i
 -13-47i 6-48i 24-42i 40-28i 50-6i 51+14i 42+30i 24+39i
 -96+38i -103+3i -92-36i -71-64i -45-85i -11-100i 24-100i 60-82i
 61+0i 58+26i 45+44i 27+55i 3+60i -19+56i -38+43i -54+22i
 16-42i 28-34i 37-21i 40-4i 37+10i 30+23i 17+34i 2+37i
 38-39i 50-22i 56-1i 52+19i 40+38i 19+53i -3+57i -25+51i
 -60-20i -46-43i -26-57i -2-63i 24-59i 42-47i 56-27i 64-2i
 -21-37i -5-41i 9-39i 24-31i 34-21i 40-7i 39+10i 31+22i
 -38+71i -60+51i -74+20i -77-10i -69-43i -52-67i -25-83i 12-82i
 61-17i 64+4i 57+24i 41+44i 24+57i 2+64i -23+57i -44+39i
 -86-69i -57-99i -14-112i 27-109i 64-92i 94-57i 105-17i 98+26i
 -54+82i -84+57i -98+27i -100-6i -93-42i -73-71i -42-93i 6-103i
 -62-28i -47-49i -27-61i -1-65i 22-61i 43-50i 60-32i 68-8i
 -46+20i -51+4i -47-16i -36-33i -22-46i -3-51i 14-45i 25-31i
 79+62i 49+91i 12+104i -35+101i -72+83i -97+52i -105+7i -94-36i
 -22-57i 0-63i 26-56i 46-41i 60-19i 65+8i 57+31i 40+50i
 -40-11i -34-25i -21-35i -7-40i 11-40i 24-34i 34-23i 39-9i
 -43-43i -24-56i -5-61i 18-58i 36-46i 49-30i 55-6i 51+16i
 -4+61i -25+59i -45+47i -58+30i -65+7i -63-22i -52-46i -31-64i

 标签ANT_2B 采集顺序:4B 4A 3A 3B 2A 2B 7B 7A 6B 6A 5B 5A * 2 MAC:b231f9e364c4
 -34-6i -29-19i -23-32i -11-39i 5-41i 21-35i 30-23i 33-8i
 22+79i -12+81i -40+71i -63+52i -79+23i -80-7i -69-38i -44-67i
 29-73i 49-58i 62-34i 68-2i 65+25i 54+49i 30+64i 2+64i
 -98+36i -111-2i -104-42i -81-74i -48-99i -3-110i 37-100i 70-73i
 50+94i 7+107i -32+100i -65+82i -91+49i -104+16i -105-19i -89-60i
 -55+26i -58-4i -50-29i -37-45i -19-56i 9-59i 36-51i 56-35i
 -14+52i -35+41i -46+26i -50+8i -47-14i -43-32i -32-46i -12-51i
 94+0i 91+39i 72+70i 37+91i 2+98i -33+92i -68+69i -89+34i
 -64-36i -48-55i -22-65i 3-67i 27-62i 49-45i 61-22i 64+4i
 -22+25i -32+9i -36-5i -35-18i -27-30i -16-35i -2-37i 14-33i
 -55+3i -51-19i -44-36i -28-49i -8-57i 13-56i 34-42i 44-22i
 44+55i 21+70i -4+72i -27+65i -48+49i -61+28i -66+4i -64-22i
 3+35i -12+34i -25+29i -37+17i -42+3i -40-11i -30-24i -15-31i
 59-44i 71-22i 73+8i 66+35i 52+58i 27+79i -4+85i -36+76i
 -70+5i -67-26i -54-48i -32-64i 0-74i 29-68i 52-47i 64-13i
 50+97i 11+107i -28+103i -63+84i -86+58i -100+27i -102-11i -90-45i
 82-60i 101-27i 101+17i 85+55i 56+85i 14+102i -29+98i -69+79i
 21+59i 0+66i -20+62i -38+47i -51+28i -57+8i -55-13i -44-33i
 56+14i 50+27i 36+39i 17+47i -4+51i -28+49i -45+38i -52+17i
 -25-93i 16-98i 49-84i 77-59i 97-23i 100+12i 86+46i 52+79i
 -15+60i -36+54i -52+40i -65+16i -69-7i -63-29i -43-51i -17-62i
 39+11i 30+26i 19+37i 8+40i -4+37i -22+31i -37+20i -46+6i
 28+41i 12+51i -4+50i -21+42i -39+28i -48+12i -48-10i -40-32i
 33-65i 54-48i 66-19i 67+7i 59+30i 44+49i 24+59i -1+62i

 标签ANT_2B 采集顺序:4B 4A 3A 3B 2A 2B 7B 7A 6B 6A 5B 5A * 2 MAC:b231f9e364c4
 -26-25i -17-32i -6-38i 9-42i 23-39i 34-27i 38-6i 34+10i
 15+76i -13+76i -43+64i -66+45i -80+18i -81-16i -66-46i -42-67i
 44-61i 63-38i 71-12i 72+15i 62+42i 44+57i 16+63i -13+61i
 -111+10i -108-29i -90-66i -55-98i -14-112i 29-107i 68-80i 89-49i
 27+95i -9+101i -50+92i -80+69i -100+34i -103-12i -89-54i -64-84i
 -63+2i -57-23i -44-43i -26-58i -1-66i 22-62i 44-47i 57-29i
 -22+51i -40+38i -52+19i -55+0i -50-17i -37-32i -21-40i -3-44i
 98+15i 84+52i 59+77i 27+92i -12+94i -47+81i -75+55i -94+20i
 -58-36i -42-52i -20-62i 8-66i 33-59i 53-42i 63-13i 61+13i
 -35+14i -38-1i -35-16i -27-26i -16-32i -2-36i 12-35i 24-28i
 -53-13i -46-32i -34-46i -17-56i 7-60i 29-53i 44-36i 53-12i
 37+57i 14+68i -11+69i -35+60i -53+45i -66+19i -70-7i -65-30i
 -13+33i -24+29i -32+21i -38+10i -38-6i -30-18i -16-27i -1-31i
 76-35i 83-9i 80+19i 64+48i 40+68i 9+79i -26+76i -51+62i
 -71-12i -59-37i -37-59i -13-70i 12-70i 39-58i 56-36i 65-12i
 44+97i 0+107i -39+99i -72+78i -98+42i -106+4i -97-36i -74-74i
 89-53i 100-16i 98+23i 80+62i 52+86i 14+99i -33+97i -66+78i
 14+61i -8+62i -29+56i -45+43i -56+27i -61+2i -57-22i -41-45i
 54+12i 45+30i 29+45i 7+54i -13+54i -30+45i -42+27i -48+9i
 -4-91i 30-85i 65-67i 86-43i 97-13i 92+26i 72+59i 43+81i
 -24+65i -48+52i -63+31i -70+4i -64-26i -48-48i -25-61i 2-64i
 23+30i 11+37i -3+38i -16+33i -27+24i -36+13i -41-1i -41-14i
 16+55i -3+56i -25+50i -41+39i -53+23i -55+1i -47-20i -34-37i
 43-56i 60-34i 69-11i 69+14i 58+38i 38+55i 9+66i -17+66i

 标签ANT_1A 采集顺序:4B 4A 3A 3B 2A 2B 7B 7A 6B 6A 5B 5A * 2 MAC:b231f9e364c4
 -23+34i -35+25i -40+12i -37-7i -32-23i -23-34i -9-37i 7-33i
 80-13i 80+20i 64+50i 39+69i 10+77i -24+74i -52+58i -73+31i
 -61-39i -42-61i -16-71i 14-71i 44-59i 62-39i 68-14i 62+16i
 6+108i -35+107i -73+86i -97+54i -109+16i -106-30i -87-65i -56-88i
 95-7i 89+32i 70+63i 41+86i 2+99i -34+95i -69+76i -100+38i
 -4+64i -28+56i -46+41i -58+17i -60-6i -56-26i -42-41i -24-49i
 43+23i 32+40i 14+53i -6+56i -26+51i -46+35i -54+16i -51-4i
 32-88i 67-65i 86-35i 93-1i 87+35i 71+62i 44+82i 7+93i
 -45+52i -62+32i -69+8i -62-22i -48-45i -27-62i 0-68i 24-63i
 15+35i -1+40i -14+37i -26+28i -34+15i -37+3i -35-9i -30-22i
 -2+60i -24+54i -40+42i -52+24i -56+4i -51-20i -35-43i -14-54i
 62-25i 68-1i 61+28i 46+50i 25+66i -4+71i -30+64i -50+48i
 34+13i 24+26i 11+32i -2+35i -18+33i -28+27i -33+16i -34+1i
 -22-73i 11-79i 39-73i 64-56i 77-33i 82-6i 73+27i 53+51i
 -20+66i -44+55i -62+31i -70+6i -69-19i -57-45i -37-59i -9-65i
 95-38i 105-2i 99+36i 76+74i 44+99i 5+108i -40+99i -74+74i
 -48-90i -9-102i 37-95i 72-74i 94-44i 104-4i 96+35i 74+73i
 65-6i 62+22i 49+42i 28+55i 1+61i -22+58i -39+46i -52+26i
 8-53i 26-47i 38-32i 47-10i 47+11i 43+30i 29+45i 9+51i
 -93+13i -91-19i -72-52i -45-74i -12-88i 28-89i 61-72i 85-40i
 59+22i 48+48i 29+62i 6+67i -21+62i -41+48i -56+27i -63+1i
 24-22i 27-14i 29-1i 27+12i 21+25i 9+36i -4+40i -18+37i
 54-11i 55+13i 48+31i 33+45i 11+57i -11+58i -32+50i -48+29i
 -50-38i -34-54i -12-64i 15-66i 38-56i 55-38i 65-10i 65+19i

 标签ANT_1A 采集顺序:4B 4A 3A 3B 2A 2B 7B 7A 6B 6A 5B 5A * 2 MAC:b231f9e364c4
 40+6i 36+20i 27+30i 13+36i -1+39i -15+36i -28+26i -33+13i
 -44-62i -19-75i 13-75i 41-64i 63-43i 76-12i 74+19i 63+46i
 -12+72i -37+59i -56+40i -70+18i -75-9i -65-34i -38-56i -12-68i
 96-57i 106-19i 100+24i 84+59i 59+86i 19+101i -22+98i -60+82i
 -60-76i -24-94i 12-96i 46-87i 76-61i 93-24i 96+21i 81+64i
 60-24i 66-3i 64+20i 49+43i 29+58i 5+63i -21+57i -38+44i
 0-55i 21-50i 39-34i 47-16i 49+2i 42+18i 31+29i 17+38i
 -94+33i -98-7i -86-42i -64-71i -33-92i 0-96i 34-86i 66-62i
 68+17i 56+41i 36+59i 12+70i -9+71i -30+59i -46+42i -57+22i
 18-38i 30-23i 37-8i 38+8i 32+23i 22+33i 9+39i -6+39i
 52-25i 59-5i 56+16i 45+39i 28+52i 6+57i -22+50i -43+36i
 -59-25i -45-43i -23-59i 0-66i 25-63i 51-46i 68-22i 72+4i
 -3-39i 14-34i 25-26i 33-16i 36-3i 32+9i 22+22i 11+32i
 -58+58i -71+31i -76+2i -73-29i -60-51i -38-66i -5-73i 25-70i
 69-18i 69+6i 58+34i 41+54i 20+66i -7+67i -31+55i -54+35i
 -77-84i -44-102i -2-108i 46-99i 80-77i 100-42i 103+5i 92+43i
 -57+84i -84+57i -101+18i -101-18i -86-51i -51-81i -8-96i 32-95i
 -42-50i -21-62i 0-65i 22-61i 44-49i 58-31i 63-9i 60+15i
 -48+25i -54+10i -52-10i -42-32i -27-47i -8-51i 12-45i 28-35i
 51+78i 17+91i -24+89i -55+75i -77+50i -89+12i -85-27i -70-62i
 -14-64i 12-63i 33-55i 51-42i 63-21i 64+2i 53+27i 37+45i
 -40-15i -31-28i -16-36i 0-37i 14-32i 28-23i 37-11i 39+3i
 -47-46i -21-59i 6-60i 32-54i 53-39i 63-18i 61+7i 48+32i
 -14+70i -39+59i -56+39i -65+11i -63-15i -52-39i -31-60i -8-69i

 标签ANT_1A 采集顺序:4B 4A 3A 3B 2A 2B 7B 7A 6B 6A 5B 5A * 2 MAC:b231f9e364c4
 -4-36i 13-36i 26-29i 33-19i 36-7i 33+8i 25+21i 13+31i
 -51+60i -72+31i -78+1i -72-27i -56-53i -34-68i -7-73i 26-66i
 75-10i 76+18i 63+43i 39+63i 15+73i -10+75i -37+64i -56+44i
 -86-59i -56-90i -14-105i 26-104i 62-89i 93-57i 106-21i 103+19i
 -56+78i -87+48i -99+14i -95-24i -76-62i -49-87i -13-99i 33-95i
 -46-43i -25-58i -4-62i 19-56i 36-44i 50-29i 60-8i 61+14i
 -43+16i -47-1i -45-15i -38-29i -21-42i 1-48i 21-45i 37-30i
 53+83i 20+94i -16+91i -55+71i -83+45i -98+13i -95-26i -71-60i
 -6-65i 21-63i 45-46i 57-24i 61-1i 56+24i 44+41i 26+54i
 -38-17i -28-29i -15-38i 1-42i 20-39i 34-30i 42-16i 46+2i
 -40-41i -23-53i -3-58i 19-55i 39-44i 52-27i 58-1i 50+23i
 -17+64i -41+55i -59+34i -67+10i -67-15i -56-40i -37-58i -12-69i
 -38+10i -39-2i -35-13i -25-24i -15-31i -4-35i 11-31i 22-21i
 69+35i 53+61i 28+78i 1+82i -27+76i -55+58i -71+31i -75-3i
 -27-64i 2-72i 26-66i 47-52i 65-30i 74-6i 71+19i 52+42i
 -60+90i -88+62i -101+26i -100-16i -90-50i -71-78i -37-98i 1-100i
 97+31i 79+64i 43+89i 5+96i -32+92i -66+73i -87+45i -98+8i
 -39+52i -58+30i -62+8i -56-16i -41-40i -25-57i -6-65i 16-64i
 25+42i 10+47i -10+46i -28+38i -42+24i -50+4i -47-15i -35-30i
 67-63i 88-28i 91+7i 81+40i 61+72i 35+93i 2+102i -40+91i
 -63+22i -68+0i -63-21i -47-41i -27-56i -5-63i 20-61i 40-49i
 -7+34i -19+32i -31+24i -38+12i -40-3i -36-20i -27-31i -15-38i
 -25+53i -45+40i -56+23i -61+2i -57-22i -46-41i -28-52i -2-54i
 72-5i 69+19i 55+40i 31+58i 9+65i -13+63i -39+51i -58+32i

 标签ANT_1A 采集顺序:4B 4A 3A 3B 2A 2B 7B 7A 6B 6A 5B 5A * 2 MAC:b231f9e364c4
 -40+4i -40-12i -35-25i -26-32i -12-37i 6-37i 19-30i 27-18i
 63+47i 42+67i 14+74i -18+69i -45+55i -64+32i -71-1i -66-29i
 3-72i 25-69i 46-55i 60-35i 68-11i 68+19i 54+43i 30+61i
 -73+63i -100+23i -106-16i -96-53i -70-87i -36-104i 1-107i 42-91i
 70+76i 43+95i 8+102i -32+92i -62+72i -81+44i -89+7i -86-30i
 -52+38i -61+11i -59-17i -50-38i -35-54i -12-63i 12-61i 36-49i
 8+43i -10+40i -25+32i -38+20i -45+2i -44-17i -34-32i -15-41i
 94-19i 98+16i 85+52i 61+76i 29+89i -10+90i -44+77i -73+53i
 -61-2i -58-32i -44-53i -23-64i 5-66i 28-59i 46-44i 59-22i
 -21+39i -35+30i -43+16i -44-4i -38-19i -27-31i -11-39i 5-42i
 -54+34i -62+12i -61-13i -51-33i -35-48i -12-58i 11-56i 32-44i
 68+17i 57+40i 39+55i 15+63i -14+63i -37+54i -55+36i -66+10i
 10+35i -3+36i -16+32i -29+22i -34+10i -34-4i -26-19i -14-30i
 42-60i 65-35i 73-9i 71+18i 59+46i 39+65i 11+74i -24+69i
 -69+18i -72-4i -66-26i -49-51i -29-69i -3-77i 26-70i 48-51i
 89+47i 60+81i 15+100i -29+98i -66+80i -96+47i -106+8i -99-33i
 45-82i 78-54i 92-20i 93+17i 82+55i 58+81i 22+95i -26+95i
 49+48i 26+60i 1+63i -24+57i -44+47i -57+32i -63+9i -59-13i
 42-14i 49-1i 49+16i 42+30i 29+41i 8+47i -11+43i -26+32i
 -56-71i -23-88i 12-91i 51-79i 79-59i 99-31i 102+10i 86+48i
 18+71i -5+73i -27+63i -43+47i -55+28i -60+3i -57-19i -46-39i
 36+20i 28+34i 16+41i 0+43i -17+39i -30+29i -39+14i -44-5i
 42+35i 26+50i 6+58i -19+58i -38+47i -52+29i -58+3i -50-21i
 9-67i 35-59i 55-41i 66-19i 68+3i 61+28i 45+47i 23+62i

 标签ANT_1A 采集顺序:4B 4A 3A 3B 2A 2B 7B 7A 6B 6A 5B 5A * 2 MAC:b231f9e364c4
 24+26i 9+33i -4+35i -17+32i -29+25i -35+12i -34-5i -27-23i
 30-71i 55-54i 71-28i 75-2i 68+24i 51+49i 29+65i 4+74i
 -62+38i -71+9i -70-17i -60-41i -38-61i -12-69i 16-65i 42-52i
 96+39i 75+74i 44+97i 3+110i -34+105i -67+85i -91+47i -100+11i
 35-92i 65-74i 89-43i 99-12i 96+24i 76+64i 45+93i 8+106i
 53+37i 32+57i 8+64i -18+63i -41+51i -55+31i -60+8i -58-18i
 38-29i 45-13i 45+6i 40+26i 32+40i 20+47i 2+44i -16+37i
 -71-61i -39-87i -4-97i 32-93i 67-73i 88-41i 94-1i 84+42i
 31+57i 6+63i -18+59i -40+45i -54+28i -61+7i -60-18i -51-38i
 32+3i 29+17i 23+31i 12+38i -2+40i -19+36i -33+29i -43+18i
 45+36i 22+50i 2+55i -17+55i -35+45i -46+31i -52+12i -53-10i
 -4-65i 21-64i 44-54i 61-33i 67-10i 64+16i 50+44i 30+61i
 27-24i 36-13i 39+0i 36+12i 28+23i 12+32i -5+35i -19+33i
 -74-8i -67-34i -52-56i -27-74i 0-79i 28-71i 54-46i 68-18i
 47+52i 23+65i -7+71i -34+66i -54+52i -66+25i -66-4i -57-30i
 19-110i 61-93i 90-62i 107-21i 105+28i 85+65i 54+91i 15+102i
 -95+0i -90-29i -76-58i -51-86i -20-101i 20-100i 65-76i 92-42i
 22-61i 42-46i 55-25i 60-4i 58+17i 47+37i 31+51i 10+58i
 -32-33i -14-40i 4-42i 22-40i 37-29i 43-16i 43+1i 39+20i
 -49+74i -74+49i -90+12i -93-21i -83-51i -55-77i -18-90i 20-89i
 58-37i 67-14i 65+8i 56+29i 38+49i 17+61i -6+63i -30+54i
 -5-42i 11-42i 26-36i 37-22i 40-8i 38+7i 32+22i 24+33i
 18-61i 37-51i 53-32i 60-10i 59+13i 49+37i 32+52i 12+58i
 -63+33i -68+7i -64-16i -52-36i -32-54i -9-64i 16-65i 42-55i

 标签ANT_1A 采集顺序:4B 4A 3A 3B 2A 2B 7B 7A 6B 6A 5B 5A * 2 MAC:b231f9e364c4
 3-40i 20-34i 29-23i 34-10i 36+4i 33+15i 25+22i 8+27i
 -68+33i -76+8i -72-18i -55-45i -34-64i -8-76i 25-74i 51-57i
 71+21i 63+45i 42+62i 19+71i -8+73i -37+64i -56+44i -64+15i
 -41-102i -3-110i 35-102i 74-79i 99-48i 111-10i 102+35i 73+70i
 -81+47i -96+14i -94-27i -78-60i -52-85i -12-97i 28-92i 66-72i
 -20-62i 10-64i 32-54i 48-36i 58-13i 61+8i 57+26i 43+45i
 -41-2i -41-15i -35-28i -21-40i -3-46i 16-45i 33-34i 39-17i
 8+95i -27+92i -61+70i -83+39i -94+4i -92-34i -74-62i -44-82i
 12-61i 38-51i 56-35i 66-13i 64+16i 52+39i 33+54i 8+61i
 -34-27i -22-37i -3-42i 13-39i 26-32i 37-18i 44-3i 46+14i
 -17-50i 6-55i 25-53i 41-45i 54-28i 59-7i 55+14i 40+35i
 -36+51i -54+35i -63+12i -63-15i -55-36i -39-53i -13-62i 13-62i
 -37+4i -34-11i -25-26i -14-36i 2-41i 20-39i 32-27i 38-8i
 41+54i 16+67i -8+69i -31+64i -55+50i -72+30i -77+3i -68-30i
 3-72i 30-67i 50-51i 64-24i 69+1i 64+26i 46+48i 21+59i
 -91+60i -108+20i -107-17i -94-54i -66-89i -31-109i 11-111i 56-90i
 64+72i 37+87i 6+91i -31+85i -61+69i -84+41i -97-3i -90-45i
 -60+30i -66+6i -64-18i -55-40i -38-57i -12-68i 13-67i 35-54i
 17+45i -3+51i -22+45i -38+33i -50+13i -52-6i -43-23i -25-34i
 83-30i 91+2i 85+34i 65+69i 36+90i 3+97i -37+86i -66+59i
 -66-4i -61-27i -44-46i -23-59i 0-64i 24-61i 42-49i 57-31i
 -24+34i -37+22i -43+6i -44-14i -36-27i -24-36i -6-39i 10-37i
 -55+25i -57+4i -52-21i -42-41i -28-58i -8-66i 12-63i 30-49i
 66+16i 51+43i 28+58i 2+64i -26+58i -45+45i -58+26i -62+1i

 标签ANT_1A 采集顺序:4B 4A 3A 3B 2A 2B 7B 7A 6B 6A 5B 5A * 2 MAC:b231f9e364c4
 -32-22i -23-29i -10-31i 1-32i 12-31i 26-27i 35-17i 39-2i
 19+72i -12+72i -38+61i -59+42i -74+15i -76-14i -65-42i -42-67i
 46-60i 64-42i 72-18i 71+12i 61+36i 41+54i 10+63i -16+64i
 -108+12i -104-33i -84-70i -53-97i -9-112i 32-105i 67-80i 93-41i
 -3+98i -37+88i -64+67i -85+36i -91+4i -86-32i -64-71i -35-92i
 -61-21i -49-41i -31-56i -11-65i 11-67i 36-59i 53-43i 61-21i
 -27+43i -42+30i -47+14i -47-3i -41-22i -29-35i -13-40i 5-40i
 85+33i 66+60i 39+80i 5+92i -26+89i -55+72i -81+39i -93+6i
 -47-49i -25-60i 4-62i 26-56i 42-43i 55-22i 60+0i 58+24i
 -43+10i -47-4i -44-18i -33-30i -19-35i -4-38i 13-37i 25-32i
 -58-2i -56-23i -43-45i -22-60i 3-65i 31-55i 49-36i 57-14i
 40+51i 16+63i -7+68i -30+63i -52+44i -63+18i -65-12i -56-39i
 -16+34i -26+27i -32+15i -35+0i -34-13i -28-24i -15-30i -2-32i
 67-29i 70-4i 65+24i 53+49i 34+68i 3+77i -27+69i -51+50i
 -70-22i -56-47i -36-64i -11-72i 17-71i 39-57i 56-35i 65-8i
 37+102i -5+107i -51+94i -84+69i -105+34i -108-11i -94-50i -69-80i
 90-45i 97-5i 88+33i 68+65i 33+89i -5+96i -43+89i -74+69i
 3+68i -20+63i -41+50i -57+29i -64+7i -63-15i -51-38i -33-53i
 43+11i 37+25i 24+38i 10+44i -7+43i -23+33i -35+18i -41+3i
 2-92i 38-80i 64-59i 83-31i 90+5i 82+40i 58+71i 23+92i
 -32+63i -52+50i -65+30i -69+4i -64-21i -52-41i -29-56i -6-61i
 27+35i 9+42i -7+45i -21+41i -33+29i -40+13i -44-7i -39-25i
 9+57i -11+56i -30+48i -48+34i -58+17i -59-4i -48-28i -31-46i
 43-45i 59-27i 67-3i 66+17i 56+37i 34+56i 9+65i -16+63i

 标签ANT_1A 采集顺序:4B 4A 3A 3B 2A 2B 7B 7A 6B 6A 5B 5A * 2 MAC:b231f9e364c4
 27-26i 38-15i 42-3i 40+10i 32+25i 20+36i 4+40i -15+37i
 -74+5i -73-24i -59-50i -33-69i -4-76i 26-72i 55-52i 70-24i
 58+52i 33+73i 4+75i -25+67i -51+48i -64+25i -67-2i -57-31i
 17-109i 56-98i 84-72i 105-31i 110+9i 102+47i 75+81i 36+97i
 -98-10i -91-45i -66-75i -35-92i -1-98i 36-92i 66-72i 89-41i
 11-63i 37-49i 50-34i 56-15i 56+9i 48+33i 33+53i 8+66i
 -37-25i -26-37i -12-43i 8-42i 26-35i 39-23i 47-5i 44+11i
 -23+90i -57+74i -85+43i -97+8i -95-29i -77-66i -48-87i -11-96i
 44-41i 61-21i 63+1i 56+26i 43+46i 26+60i 0+65i -23+57i
 -8-44i 9-45i 27-40i 39-28i 45-12i 44+7i 36+22i 26+34i
 3-58i 26-53i 42-43i 53-27i 58-4i 54+17i 41+34i 19+47i
 -58+31i -65+8i -62-17i -49-40i -31-55i -10-63i 17-62i 38-53i
 -36-19i -26-28i -12-34i 2-35i 16-33i 30-27i 38-16i 39+0i
 13+67i -15+69i -37+61i -56+44i -71+20i -74-5i -65-31i -41-57i
 32-60i 53-43i 65-15i 67+12i 60+36i 43+56i 21+65i -4+63i
 -106+11i -102-33i -81-67i -49-91i -8-106i 29-104i 63-88i 90-51i
 31+89i -7+94i -45+84i -80+60i -96+31i -98-1i -85-40i -63-72i
 -67+6i -62-22i -47-47i -27-61i -4-67i 23-62i 42-49i 57-28i
 -12+41i -27+30i -39+16i -45-2i -46-21i -39-35i -24-44i -2-44i
 95+12i 84+49i 59+76i 24+91i -10+93i -43+82i -73+59i -90+27i
 -59-24i -44-49i -23-61i 1-65i 27-60i 44-48i 55-28i 58-2i
 -35+17i -40+5i -38-10i -31-25i -21-36i -10-43i 7-46i 22-43i
 -60+2i -56-18i -44-35i -30-46i -12-54i 12-55i 34-48i 49-30i
 48+46i 25+64i -1+69i -26+64i -49+47i -60+25i -63+2i -57-27i

 标签ANT_1A 采集顺序:4B 4A 3A 3B 2A 2B 7B 7A 6B 6A 5B 5A * 2 MAC:b231f9e364c4
 25-31i 37-19i 40-4i 37+12i 26+28i 12+35i -3+36i -17+31i
 -79+4i -73-22i -55-51i -32-70i -7-79i 21-77i 43-61i 59-39i
 61+44i 36+64i 9+71i -18+69i -45+57i -61+37i -69+11i -68-18i
 -2-115i 35-105i 68-84i 95-49i 107-13i 101+24i 75+61i 43+83i
 -97+10i -93-28i -72-67i -44-91i -11-100i 29-92i 65-70i 89-41i
 6-64i 29-56i 46-42i 57-22i 61+3i 55+25i 40+44i 16+59i
 -38-33i -25-45i -10-50i 10-48i 28-41i 41-27i 46-5i 44+14i
 -34+88i -63+70i -88+41i -99+9i -98-31i -79-64i -46-90i -6-102i
 49-53i 64-30i 67-4i 58+23i 43+40i 23+51i -2+55i -22+50i
 -17-42i 0-45i 17-40i 29-30i 36-16i 39+3i 37+19i 29+32i
 6-54i 28-49i 43-37i 53-17i 54+8i 44+30i 25+46i 2+55i
 -62+27i -66+4i -62-19i -51-42i -35-58i -12-66i 17-63i 41-51i
 -36-14i -31-26i -17-37i -1-42i 17-39i 31-26i 35-10i 34+6i
 4+77i -28+72i -52+58i -71+34i -77+8i -72-18i -55-45i -34-64i
 38-64i 58-46i 70-18i 70+8i 62+32i 42+51i 18+59i -7+61i
 -106+22i -100-21i -83-57i -55-86i -15-104i 23-103i 59-86i 88-53i
 24+92i -9+94i -41+84i -72+61i -91+28i -97-11i -86-57i -64-87i
 -68+8i -63-18i -47-41i -27-57i -5-64i 21-61i 41-50i 57-34i
 -14+45i -31+34i -43+19i -48+2i -45-16i -36-30i -21-39i -3-44i
 96+2i 90+37i 65+72i 32+94i -6+102i -48+89i -77+59i -94+23i
 -54-27i -39-46i -20-56i 1-60i 23-55i 39-42i 50-24i 57-1i
 -42+24i -43+8i -38-8i -26-23i -13-33i 0-39i 15-42i 27-38i
 -60-7i -57-30i -46-52i -29-64i -10-68i 14-59i 33-41i 47-19i
 49+46i 29+65i 6+72i -19+69i -45+52i -61+28i -67+0i -62-32i

 标签ANT_1A 采集顺序:4B 4A 3A 3B 2A 2B 7B 7A 6B 6A 5B 5A * 2 MAC:b231f9e364c4
 35+19i 20+30i 5+34i -11+34i -25+28i -33+19i -36+6i -33-10i
 -9-76i 18-75i 43-62i 67-36i 77-8i 74+21i 54+48i 26+64i
 -47+59i -64+41i -73+12i -70-17i -61-43i -41-63i -17-70i 11-66i
 107+10i 98+47i 73+77i 36+100i -1+108i -36+103i -72+79i -93+42i
 -7-100i 29-100i 63-80i 86-52i 99-17i 96+24i 77+58i 46+84i
 69+13i 59+41i 42+56i 19+65i -7+64i -28+56i -44+43i -56+20i
 27-35i 40-23i 48-8i 48+11i 42+26i 29+39i 9+45i -10+42i
 -89-29i -76-59i -46-81i -11-89i 23-88i 57-71i 79-42i 89-5i
 46+44i 23+62i 0+67i -23+62i -44+46i -57+26i -62+3i -56-22i
 40-10i 42+5i 36+19i 27+28i 15+34i 0+39i -15+38i -28+31i
 59+2i 48+28i 33+45i 14+55i -7+59i -24+56i -39+45i -53+22i
 -33-57i -11-68i 14-66i 41-51i 57-30i 63-6i 56+23i 42+45i
 22-34i 33-25i 40-11i 39+3i 33+17i 22+30i 10+34i -3+33i
 -68+29i -76-3i -72-30i -58-53i -33-71i -6-75i 22-69i 50-49i
 67+16i 56+42i 36+61i 9+72i -17+72i -40+59i -57+34i -62+6i
 -34-96i 11-105i 49-94i 81-70i 105-32i 109+6i 95+44i 61+79i
 -89+45i -99+10i -93-27i -70-64i -40-86i -5-95i 39-89i 75-68i
 -8-64i 17-62i 38-51i 52-34i 60-14i 62+11i 55+33i 39+52i
 -48-8i -40-27i -28-39i -12-45i 6-46i 22-41i 34-30i 41-11i
 -13+91i -47+79i -73+55i -91+20i -96-14i -87-48i -58-79i -20-94i
 38-54i 55-39i 64-17i 66+6i 60+29i 44+49i 22+60i -2+61i
 -19-39i -7-43i 9-39i 26-29i 36-18i 40-5i 39+10i 34+22i
 1-61i 24-60i 46-46i 59-26i 65-1i 60+25i 44+43i 21+54i
 -44+43i -61+22i -67+0i -63-21i -49-43i -31-56i -9-63i 17-62i

 标签ANT_1A 采集顺序:4B 4A 3A 3B 2A 2B 7B 7A 6B 6A 5B 5A * 2 MAC:b231f9e364c4
 38+2i 35+20i 27+29i 15+36i 0+39i -13+38i -24+30i -33+14i
 -52-61i -27-75i 3-76i 35-65i 57-48i 71-27i 73+4i 62+32i
 -11+68i -35+62i -55+44i -66+20i -68-7i -61-35i -44-54i -20-63i
 99-49i 114-6i 106+32i 86+66i 51+93i 14+103i -23+99i -60+77i
 -65-72i -40-88i -6-92i 26-86i 54-73i 80-46i 92-13i 91+26i
 52-33i 63-6i 60+18i 48+40i 27+57i 4+65i -20+63i -42+49i
 -1-43i 13-43i 27-37i 38-25i 45-10i 47+7i 38+25i 21+36i
 -84+38i -95+5i -90-33i -72-63i -44-85i -4-93i 32-84i 63-61i
 64+4i 58+34i 41+52i 19+60i -6+63i -26+58i -44+47i -57+23i
 26-34i 36-22i 42-7i 41+11i 33+25i 20+34i 5+39i -8+39i
 46-34i 57-13i 58+9i 50+30i 31+51i 10+62i -11+61i -31+47i
 -63-28i -49-50i -27-62i 0-66i 21-62i 40-51i 55-30i 62-5i
 -14-36i 1-38i 18-34i 32-26i 40-14i 41+2i 33+17i 18+29i
 -43+62i -65+40i -73+14i -72-13i -61-41i -43-61i -19-73i 13-73i
 64-26i 70+3i 64+31i 46+56i 24+69i -2+72i -30+63i -51+43i
 -88-68i -60-96i -17-110i 23-107i 59-91i 90-59i 103-20i 99+21i
 -48+81i -77+58i -93+26i -96-15i -85-49i -61-77i -19-95i 23-97i
 -37-60i -11-67i 16-62i 36-52i 54-40i 65-24i 66-6i 58+15i
 -46+15i -52-6i -46-22i -33-35i -14-44i 3-47i 17-41i 29-26i
 48+80i 18+93i -15+93i -52+79i -80+55i -97+22i -97-21i -79-57i
 -17-61i 10-66i 37-57i 54-40i 63-18i 62+10i 54+34i 38+52i
 -40-14i -32-29i -21-37i -7-41i 11-39i 26-34i 38-23i 45-8i
 -45-41i -28-53i -5-59i 16-58i 36-50i 52-33i 57-11i 54+12i
 1+64i -25+60i -45+47i -58+27i -61+0i -56-24i -42-45i -17-62i

 标签ANT_1A 采集顺序:4B 4A 3A 3B 2A 2B 7B 7A 6B 6A 5B 5A * 2 MAC:b231f9e364c4
 -34-18i -24-31i -12-37i 2-38i 17-34i 29-24i 36-10i 34+8i
 17+68i -8+71i -31+65i -55+50i -71+29i -79+3i -70-29i -50-53i
 26-71i 51-54i 67-27i 68+2i 61+30i 43+57i 18+71i -15+69i
 -107+1i -100-41i -77-76i -40-102i 0-111i 38-105i 75-79i 94-41i
 22+96i -13+98i -49+82i -75+59i -91+30i -96-7i -86-42i -62-74i
 -62+5i -58-21i -47-41i -30-57i -6-66i 17-62i 39-49i 56-26i
 -19+45i -33+37i -42+22i -44+0i -39-19i -27-35i -10-43i 7-42i
 88+16i 73+50i 43+77i 12+88i -21+87i -56+72i -79+46i -93+11i
 -56-34i -35-58i -10-67i 17-66i 42-54i 57-35i 64-10i 59+20i
 -39+15i -42+4i -41-12i -35-25i -25-36i -10-42i 6-43i 22-39i
 -58+1i -55-24i -43-42i -27-54i -4-59i 18-56i 37-45i 52-24i
 40+47i 22+61i 0+66i -27+60i -47+47i -61+26i -65-2i -61-26i
 -5+31i -20+27i -33+19i -41+7i -42-8i -35-25i -21-35i -3-37i
 59-43i 75-13i 75+15i 63+40i 40+60i 15+70i -11+69i -40+55i
 -66-15i -60-39i -44-58i -16-69i 11-70i 38-62i 57-38i 64-12i
 29+105i -18+108i -58+90i -88+62i -109+22i -110-13i -97-44i -66-73i
 73-61i 90-32i 94+5i 82+45i 59+75i 27+93i -16+94i -56+78i
 16+61i -8+65i -34+58i -54+41i -66+18i -65-11i -53-35i -34-51i
 44+9i 36+24i 24+35i 9+42i -10+43i -24+37i -34+25i -37+7i
 -3-97i 36-89i 67-66i 90-30i 96+6i 87+40i 60+69i 26+83i
 -19+55i -40+49i -57+34i -67+14i -69-10i -57-37i -38-53i -11-61i
 23+30i 9+39i -5+42i -20+40i -32+32i -40+19i -45+1i -43-14i
 25+58i 1+64i -24+58i -41+45i -52+27i -56+3i -52-19i -39-39i
 25-64i 48-46i 62-22i 64+5i 55+32i 39+51i 16+62i -13+64i

 标签ANT_1A 采集顺序:4B 4A 3A 3B 2A 2B 7B 7A 6B 6A 5B 5A * 2 MAC:b231f9e364c4
 -37-17i -24-33i -10-36i 4-34i 17-31i 28-28i 36-18i 40+0i
 16+77i -13+78i -40+67i -61+44i -73+19i -76-6i -66-34i -47-54i
 29-64i 54-54i 71-31i 76-3i 70+24i 52+52i 27+66i -3+68i
 -95+29i -104-9i -97-43i -72-78i -37-100i 6-107i 52-94i 83-63i
 26+98i -11+102i -51+88i -80+62i -97+29i -101-9i -89-44i -65-76i
 -66+2i -64-29i -54-50i -35-64i -8-71i 17-67i 38-55i 55-33i
 -16+45i -30+40i -41+27i -47+8i -44-11i -36-27i -21-39i -6-42i
 86+16i 74+47i 49+73i 20+87i -12+92i -47+82i -74+59i -89+24i
 -56-37i -38-55i -17-62i 4-65i 27-59i 43-46i 55-25i 60+4i
 -37+27i -43+13i -44-4i -39-21i -28-32i -12-37i 4-37i 20-33i
 -57+12i -58-13i -49-35i -32-52i -6-63i 18-62i 37-51i 49-29i
 43+45i 24+59i 3+62i -20+57i -39+47i -55+30i -63+3i -61-23i
 -14+40i -28+35i -37+25i -40+13i -39-3i -34-20i -24-31i -9-34i
 63-38i 74-12i 71+14i 58+39i 35+62i 9+73i -20+71i -51+54i
 -68-19i -58-42i -40-61i -15-73i 11-76i 36-67i 57-44i 65-16i
 49+93i 15+107i -24+106i -57+88i -90+56i -107+16i -105-26i -79-66i
 85-55i 98-19i 95+20i 74+59i 45+84i 12+95i -31+91i -66+73i
 4+70i -23+66i -44+50i -56+31i -64+9i -67-15i -60-34i -46-49i
 44-3i 41+15i 30+30i 18+41i 1+45i -15+42i -30+31i -39+12i
 -12-97i 23-95i 54-78i 79-47i 90-13i 90+23i 73+60i 42+83i
 -11+68i -37+63i -58+43i -69+18i -71-8i -61-34i -44-52i -21-63i
 27+31i 13+40i -4+41i -21+37i -31+28i -37+17i -40+1i -38-14i
 18+55i -3+57i -25+51i -43+38i -54+20i -59-5i -52-26i -37-44i
 35-58i 57-39i 66-15i 65+10i 53+35i 36+52i 14+63i -12+66i

 标签ANT_1A 采集顺序:4B 4A 3A 3B 2A 2B 7B 7A 6B 6A 5B 5A * 2 MAC:b231f9e364c4
 26-33i 37-22i 41-12i 39+1i 33+17i 24+29i 10+35i -7+33i
 -81+10i -83-16i -73-41i -47-65i -16-78i 17-80i 47-64i 65-37i
 56+43i 36+60i 7+67i -21+65i -47+56i -69+35i -75+10i -68-18i
 7-110i 47-102i 80-77i 103-37i 110+3i 102+42i 76+77i 39+97i
 -102+13i -101-24i -84-60i -58-84i -27-99i 12-102i 47-90i 80-64i
 5-66i 35-59i 54-43i 64-20i 63+10i 52+36i 33+54i 8+65i
 -33-29i -23-39i -9-47i 10-48i 25-43i 36-33i 42-16i 41+3i
 -35+92i -69+73i -95+42i -104+6i -100-31i -80-66i -50-87i -11-97i
 36-51i 59-31i 66-8i 63+17i 50+43i 29+59i 5+63i -22+56i
 -9-40i 5-41i 21-36i 32-27i 39-14i 40+2i 35+16i 27+28i
 -3-58i 22-57i 43-47i 59-26i 66+2i 60+28i 42+46i 14+55i
 -65+30i -71+7i -67-17i -54-41i -35-57i -13-65i 17-63i 43-53i
 -38-10i -31-24i -17-38i 0-42i 17-38i 31-26i 36-11i 35+5i
 26+73i -5+79i -32+72i -56+55i -74+28i -78-2i -69-33i -44-62i
 30-63i 51-48i 64-25i 68+5i 64+31i 51+53i 25+66i -5+64i
 -111+14i -108-32i -90-68i -59-95i -16-111i 24-108i 59-88i 86-47i
 17+96i -17+97i -50+82i -79+52i -96+20i -98-16i -81-56i -52-86i
 -68-9i -61-34i -45-55i -24-67i 1-71i 28-64i 48-49i 60-29i
 -12+43i -26+34i -35+20i -39+5i -40-14i -35-28i -26-36i -9-37i
 94+6i 87+43i 64+74i 24+94i -16+97i -53+86i -84+56i -99+19i
 -61-28i -48-50i -23-64i 2-65i 27-58i 47-42i 56-23i 58-1i
 -34+24i -41+10i -42-4i -36-18i -27-28i -14-36i 4-41i 20-40i
 -60+9i -59-14i -50-36i -37-50i -17-58i 8-58i 29-50i 45-34i
 48+38i 29+60i 6+68i -19+64i -43+47i -58+25i -64+0i -58-28i

 标签ANT_1A 采集顺序:4B 4A 3A 3B 2A 2B 7B 7A 6B 6A 5B 5A * 2 MAC:b231f9e364c4
 44+24i 28+29i 11+25i -6+18i -18+12i -22+4i -22-9i -22-24i
 76+181i 12+207i -36+230i -38+257i -1+292i 66+332i 109+358i 105+367i
 -138+278i -202+209i -255+124i -279+26i -259-87i -212-174i -163-228i -130-233i
 169-110i 196-46i 197+20i 169+90i 126+141i 71+177i -3+194i -72+189i
 294-236i 282-279i 262-313i 261-301i 283-243i 320-131i 332-6i 303+124i
 121-191i 20-168i -54-144i -95-123i -89-118i -58-131i -29-165i -31-199i
 -249-189i -284-63i -286+46i -274+85i -263+62i -261-14i -276-83i -307-119i
 -153-64i -120-120i -67-151i -3-163i 65-151i 112-120i 138-78i 141-28i
 -117+126i -105+188i -98+217i -109+209i -137+176i -172+121i -200+38i -197-46i
 -86-148i -29-173i 38-167i 92-138i 133-93i 160-39i 171-14i 171-23i
 77-73i 101-41i 106-3i 99+37i 77+77i 45+101i 5+111i -43+103i
 16+3i 15+14i 21+29i 34+47i 54+66i 77+90i 85+110i 72+127i
 20-10i 21+2i 21+9i 20+14i 17+19i 12+22i -1+19i -25+11i
 -45-301i -156-318i -241-295i -301-225i -314-128i -284-13i -201+121i -94+221i
 247-120i 167-164i 80-187i 34-186i 32-170i 70-151i 114-151i 141-175i
 186-175i 199-212i 202-227i 207-208i 225-140i 244-59i 252+10i 230+37i
 -199+302i -124+272i -32+248i 42+226i 48+212i 5+199i -67+176i -127+132i
 -52+127i -65+101i -93+92i -106+113i -93+167i -53+225i 10+267i 87+270i
 -277+183i -198+222i -85+262i 63+270i 189+236i 288+179i 345+133i 343+134i
 -84+139i -127+106i -156+49i -162-11i -147-68i -110-123i -59-154i 0-164i
 10-222i -36-181i -67-133i -79-94i -66-71i -44-72i -31-91i -45-120i
 -88+154i -16+157i 76+154i 170+125i 227+76i 256+21i 261-15i 250-7i
 110-49i 129-69i 143-86i 150-80i 155-48i 153+8i 132+65i 91+114i
 -134+40i -137+54i -118+54i -78+41i -30+25i 20+12i 68+8i 94+18i

 标签ANT_1A 采集顺序:4B 4A 3A 3B 2A 2B 7B 7A 6B 6A 5B 5A * 2 MAC:b231f9e364c4
 17-41i 27-34i 35-22i 41-3i 39+14i 31+27i 15+34i 1+35i
 -73+29i -77+2i -69-28i -53-50i -32-67i -1-75i 30-67i 56-49i
 66+15i 54+40i 33+59i 7+69i -24+67i -45+52i -57+27i -61+0i
 -31-110i 9-113i 48-100i 85-69i 107-33i 111+11i 92+58i 62+88i
 -94+28i -98-7i -89-46i -70-74i -41-93i 0-101i 40-93i 71-73i
 -16-69i 12-69i 36-59i 56-39i 65-17i 66+8i 57+34i 42+53i
 -41-18i -31-31i -14-39i 3-40i 17-36i 29-26i 34-15i 37-4i
 8+101i -32+94i -63+75i -88+47i -103+8i -99-30i -78-66i -43-93i
 25-56i 45-42i 58-20i 62+9i 56+32i 41+48i 19+57i 0+57i
 -24-41i -9-48i 8-50i 24-45i 36-34i 45-15i 46+4i 40+22i
 -15-60i 12-65i 34-58i 50-42i 58-19i 55+4i 45+27i 32+47i
 -47+41i -57+21i -60-3i -57-22i -47-38i -26-52i -2-59i 22-58i
 -46-6i -36-22i -22-34i -6-40i 13-42i 26-36i 36-24i 41-8i
 41+65i 17+73i -10+73i -41+63i -63+46i -75+20i -73-14i -61-41i
 5-67i 25-61i 46-44i 59-23i 64+2i 55+28i 35+46i 12+56i
 -103+43i -112-1i -103-40i -81-74i -45-100i -6-108i 35-100i 72-76i
 71+73i 38+91i -1+96i -44+86i -74+64i -91+31i -97-12i -88-46i
 -64+36i -72+8i -69-19i -57-42i -34-62i -9-70i 17-68i 42-57i
 -1+42i -18+39i -33+29i -44+14i -46-1i -40-15i -25-28i -12-36i
 97-36i 103+3i 92+45i 68+77i 34+97i -10+101i -51+85i -83+58i
 -58-11i -50-33i -35-49i -17-59i 8-63i 30-57i 47-42i 58-19i
 -28+42i -40+26i -45+7i -44-14i -37-29i -26-42i -9-50i 8-49i
 -58+26i -62+4i -55-22i -43-41i -26-54i -3-57i 18-50i 36-39i
 49+30i 37+46i 19+56i -6+60i -29+55i -47+41i -62+16i -63-8i

 标签ANT_1A 采集顺序:4B 4A 3A 3B 2A 2B 7B 7A 6B 6A 5B 5A * 2 MAC:b231f9e364c4
 -9-45i 8-46i 20-41i 33-29i 42-13i 45+6i 37+26i 21+37i
 -40+61i -62+46i -76+21i -76-7i -66-34i -46-60i -19-72i 12-71i
 59-17i 63+10i 54+33i 33+54i 10+65i -13+65i -36+52i -51+30i
 -71-81i -37-103i 4-109i 39-101i 69-81i 93-47i 102-9i 98+32i
 -57+82i -86+53i -98+17i -96-19i -80-55i -55-79i -21-93i 24-94i
 -49-50i -26-67i -1-74i 26-70i 49-56i 64-34i 69-2i 64+24i
 -43+9i -45-4i -39-22i -28-35i -12-42i 7-40i 21-29i 30-15i
 52+85i 12+101i -27+98i -61+83i -90+55i -104+22i -103-17i -84-61i
 -18-56i 5-62i 27-58i 49-41i 60-18i 61+10i 51+32i 33+47i
 -44-9i -37-29i -26-43i -12-51i 6-51i 22-45i 34-32i 44-12i
 -40-46i -21-56i -1-59i 23-56i 43-48i 59-33i 64-8i 57+18i
 -7+63i -30+56i -50+38i -59+16i -61-8i -54-33i -39-52i -16-64i
 -36+23i -42+5i -42-12i -35-27i -23-41i -11-45i 3-43i 18-35i
 72+19i 62+45i 43+64i 15+74i -13+73i -39+62i -59+39i -69+13i
 -33-50i -15-62i 10-64i 33-55i 55-37i 67-13i 65+12i 49+36i
 -51+98i -83+75i -102+39i -104-7i -94-45i -70-78i -32-102i 9-105i
 93+33i 72+64i 37+85i 4+91i -28+88i -58+74i -81+49i -95+12i
 -29+65i -53+48i -65+27i -69+2i -65-28i -51-52i -30-69i 0-76i
 25+31i 10+39i -8+39i -25+33i -36+22i -40+7i -36-9i -27-22i
 76-66i 96-34i 100+6i 91+40i 74+69i 45+93i 10+103i -30+99i
 -51+35i -66+12i -66-11i -55-35i -35-51i -13-58i 13-56i 33-46i
 -1+46i -19+43i -36+31i -46+16i -48-1i -42-20i -31-34i -15-43i
 -30+49i -50+33i -60+14i -62-7i -54-29i -42-47i -23-59i 2-62i
 59-15i 62+6i 53+28i 34+48i 13+61i -11+65i -36+54i -53+35i

 标签ANT_1A 采集顺序:4B 4A 3A 3B 2A 2B 7B 7A 6B 6A 5B 5A * 2 MAC:b231f9e364c4
 -19-35i -3-39i 12-36i 26-28i 36-18i 40-7i 36+6i 27+19i
 -2+74i -30+70i -56+51i -72+27i -80-1i -76-31i -58-56i -28-72i
 48-48i 66-22i 69+3i 61+26i 44+48i 22+60i -2+62i -29+50i
 -106-49i -85-85i -52-107i -8-114i 31-106i 66-86i 93-49i 100-9i
 -14+95i -47+88i -75+65i -90+33i -95-3i -85-43i -61-74i -25-94i
 -61-33i -46-52i -29-63i -4-68i 19-65i 42-55i 60-34i 68-8i
 -30+29i -40+16i -44-1i -41-15i -33-28i -18-38i -3-39i 13-32i
 81+48i 54+80i 21+95i -15+98i -56+85i -84+59i -99+20i -97-29i
 -38-50i -18-64i 6-67i 32-60i 51-45i 63-23i 64+4i 56+29i
 -49+7i -46-12i -33-32i -19-43i -3-47i 15-43i 29-34i 39-23i
 -63-18i -49-41i -30-54i -5-59i 22-59i 43-49i 56-30i 58+0i
 11+60i -12+62i -34+53i -50+38i -61+17i -64-11i -55-34i -36-52i
 -30+25i -37+11i -38-4i -35-18i -26-33i -14-41i 1-43i 19-36i
 80+3i 75+33i 57+57i 29+73i 0+78i -30+74i -58+54i -71+25i
 -54-40i -38-59i -14-70i 10-68i 34-59i 56-40i 66-17i 63+8i
 -12+106i -57+94i -89+68i -110+28i -114-23i -96-65i -62-95i -11-108i
 88-5i 85+30i 68+61i 39+88i 6+100i -28+98i -64+76i -90+44i
 -7+73i -37+65i -56+49i -69+27i -76-2i -69-26i -52-47i -23-64i
 36+20i 28+32i 14+39i -5+40i -23+34i -35+22i -39+5i -34-11i
 32-94i 65-78i 89-44i 97-6i 94+33i 76+70i 46+93i 3+102i
 -39+51i -59+30i -65+7i -61-18i -45-41i -24-55i 0-60i 25-53i
 15+47i 0+51i -17+47i -32+33i -41+18i -45-1i -43-21i -34-37i
 -9+58i -26+50i -42+36i -53+18i -60-3i -56-27i -43-46i -20-57i
 56-23i 60+0i 54+22i 39+43i 22+55i 0+59i -27+53i -46+40i

 标签ANT_1A 采集顺序:4B 4A 3A 3B 2A 2B 7B 7A 6B 6A 5B 5A * 2 MAC:b231f9e364c4
 8-39i 24-33i 34-21i 37-6i 35+10i 28+23i 16+33i 3+35i
 -57+52i -72+27i -74-6i -65-33i -49-57i -24-74i 4-77i 34-67i
 70+0i 67+28i 53+51i 25+67i -5+70i -33+63i -56+42i -64+15i
 -56-92i -23-108i 17-107i 51-91i 82-64i 107-25i 111+14i 95+50i
 -70+65i -90+33i -96-2i -90-37i -71-71i -42-90i -5-96i 40-86i
 -32-66i -3-74i 23-72i 47-56i 62-35i 70-8i 67+22i 55+44i
 -40+14i -44-2i -39-23i -26-39i -8-48i 14-48i 27-38i 35-19i
 14+93i -29+90i -60+73i -83+45i -96+7i -94-28i -77-59i -42-85i
 17-63i 41-53i 58-31i 63-7i 60+16i 47+37i 31+52i 11+60i
 -38-32i -24-44i -6-48i 12-47i 26-37i 36-24i 41-7i 43+12i
 -30-53i -9-62i 13-61i 36-50i 54-32i 63-10i 60+18i 44+40i
 -23+60i -43+49i -56+30i -62+9i -62-12i -54-33i -38-49i -15-59i
 -40+11i -40-10i -33-26i -21-38i -5-43i 10-40i 24-31i 35-16i
 62+39i 44+61i 19+73i -14+73i -42+62i -63+42i -73+10i -69-22i
 -12-73i 16-73i 39-60i 58-40i 69-13i 69+10i 59+31i 37+49i
 -80+79i -107+46i -116+5i -106-40i -80-75i -46-99i -3-109i 35-101i
 82+35i 63+67i 27+90i -10+95i -45+85i -77+59i -94+24i -97-16i
 -50+41i -66+15i -71-8i -66-31i -50-53i -29-67i -3-72i 25-66i
 9+40i -5+42i -18+36i -31+23i -38+9i -43-4i -39-18i -28-27i
 73-56i 92-25i 95+13i 81+45i 56+73i 20+92i -16+93i -50+77i
 -67+10i -67-15i -55-37i -34-55i -12-64i 11-65i 38-55i 56-36i
 -16+42i -31+33i -42+18i -45+1i -42-16i -32-32i -18-43i -1-49i
 -47+41i -61+16i -64-8i -58-31i -42-51i -24-60i -2-61i 22-53i
 62+4i 58+28i 45+48i 21+62i -3+65i -26+58i -47+41i -59+20i

 标签ANT_1A 采集顺序:4B 4A 3A 3B 2A 2B 7B 7A 6B 6A 5B 5A * 2 MAC:b231f9e364c4
 39-6i 37+9i 30+21i 20+29i 8+33i -6+34i -17+29i -26+17i
 -63-43i -39-65i -13-73i 13-73i 41-63i 60-46i 71-21i 69+12i
 22+64i -6+69i -32+63i -56+43i -67+19i -68-10i -58-32i -39-48i
 71-79i 100-41i 108-2i 100+39i 76+78i 43+102i 2+109i -43+94i
 -70-72i -44-91i -11-96i 25-89i 52-77i 74-57i 90-23i 92+15i
 56-44i 69-19i 70+11i 59+37i 42+56i 17+68i -6+69i -28+61i
 -13-38i 4-38i 21-32i 32-21i 40-6i 39+8i 30+21i 16+31i
 -88+48i -100+13i -96-24i -73-61i -44-87i -8-99i 33-93i 66-73i
 61-14i 64+11i 55+37i 38+55i 12+67i -12+67i -33+57i -52+37i
 21-40i 33-33i 42-22i 46-6i 44+10i 38+26i 24+39i 9+47i
 38-44i 51-28i 59-6i 59+15i 52+36i 35+54i 13+61i -11+58i
 -61+2i -60-20i -49-37i -31-52i -4-61i 21-59i 42-48i 60-24i
 -15-34i -4-37i 7-35i 20-26i 30-15i 36-3i 36+10i 29+20i
 -18+70i -45+56i -64+29i -71+4i -69-20i -59-42i -41-59i -14-67i
 58-35i 69-5i 65+21i 51+44i 28+61i 3+66i -24+60i -43+44i
 -83-53i -59-81i -23-99i 12-104i 48-98i 83-76i 102-42i 106-1i
 -34+90i -65+73i -83+44i -93+11i -92-26i -79-54i -52-76i -11-91i
 -58-35i -41-51i -20-62i 6-66i 29-59i 50-43i 65-16i 67+10i
 -33+21i -40+10i -43-5i -39-19i -29-32i -11-41i 5-41i 19-34i
 67+68i 31+91i -5+96i -39+90i -70+70i -87+42i -92+6i -84-36i
 -36-56i -9-64i 17-60i 42-45i 58-26i 65-2i 61+19i 48+36i
 -46-1i -41-19i -32-33i -18-42i 0-45i 18-41i 35-33i 47-17i
 -53-30i -41-47i -22-58i 4-61i 28-55i 47-41i 57-18i 55+6i
 5+68i -18+68i -42+55i -56+34i -64+9i -65-20i -56-43i -37-61i

 标签ANT_1A 采集顺序:4B 4A 3A 3B 2A 2B 7B 7A 6B 6A 5B 5A * 2 MAC:b231f9e364c4
 -32-25i -22-32i -8-35i 4-34i 16-31i 27-23i 33-10i 35+5i
 25+69i -8+72i -37+62i -59+44i -73+17i -75-10i -64-37i -43-62i
 28-66i 47-49i 61-24i 66+7i 60+35i 43+56i 13+66i -12+65i
 -107+21i -109-16i -97-56i -72-87i -38-108i 10-111i 50-94i 80-66i
 27+86i -10+91i -42+84i -70+67i -91+37i -98+1i -90-39i -66-76i
 -68+4i -66-19i -53-43i -34-61i -10-71i 22-67i 47-50i 62-28i
 -24+34i -35+23i -40+11i -41-4i -36-23i -26-35i -10-40i 6-38i
 93+24i 77+57i 51+83i 14+98i -21+97i -52+80i -79+46i -91+12i
 -53-40i -33-58i -6-64i 15-60i 34-49i 50-31i 58-12i 59+7i
 -40+22i -47+3i -44-14i -36-30i -23-43i -8-50i 9-51i 26-43i
 -59+8i -60-10i -52-29i -36-47i -15-57i 8-57i 32-46i 47-31i
 43+49i 18+63i -8+66i -33+59i -52+39i -62+14i -63-13i -55-39i
 -10+37i -21+31i -28+22i -35+10i -39-2i -37-16i -24-30i -8-38i
 60-42i 71-18i 73+11i 64+37i 45+57i 14+68i -17+65i -45+52i
 -66-22i -52-44i -35-58i -14-66i 12-67i 34-58i 51-38i 63-10i
 39+100i 0+106i -41+98i -80+76i -102+47i -109+11i -97-30i -77-64i
 86-39i 93-7i 86+29i 69+58i 44+81i 5+95i -34+92i -67+74i
 8+71i -15+69i -36+57i -53+38i -62+18i -64-5i -57-31i -45-52i
 41+10i 32+24i 16+36i -1+41i -16+39i -28+29i -33+15i -36+0i
 -7-95i 30-86i 59-67i 80-42i 93-8i 90+26i 71+60i 39+90i
 -17+64i -38+54i -55+35i -63+9i -60-17i -48-38i -29-55i -9-61i
 34+30i 19+41i -1+44i -18+39i -32+27i -42+10i -46-4i -44-16i
 25+53i 1+61i -22+56i -41+41i -56+18i -59-3i -53-22i -40-40i
 37-49i 52-33i 62-10i 64+12i 57+35i 36+56i 10+66i -17+66i

 标签ANT_1A 采集顺序:4B 4A 3A 3B 2A 2B 7B 7A 6B 6A 5B 5A * 2 MAC:b231f9e364c4
 31-31i 42-16i 41+0i 34+16i 21+30i 9+37i -4+37i -18+31i
 -73-5i -67-31i -52-51i -28-65i -2-70i 25-65i 53-47i 70-22i
 46+37i 30+53i 4+61i -21+57i -43+47i -60+26i -65+3i -57-25i
 11-101i 48-92i 77-70i 97-32i 102+9i 92+49i 64+84i 28+100i
 -97-4i -92-41i -70-72i -42-90i -12-98i 26-93i 61-73i 90-39i
 7-63i 36-55i 55-39i 67-17i 68+10i 59+34i 40+52i 13+63i
 -36-30i -24-41i -8-48i 11-49i 29-42i 44-28i 50-7i 44+12i
 -40+81i -70+64i -91+32i -98-4i -92-41i -69-77i -35-95i 7-98i
 51-43i 67-22i 68+0i 61+24i 44+47i 23+61i -3+65i -26+58i
 -17-38i -1-42i 16-40i 30-32i 38-21i 43-4i 40+14i 34+29i
 0-54i 22-52i 39-42i 51-26i 57-2i 53+20i 39+38i 14+50i
 -54+24i -61+3i -59-19i -47-41i -29-55i -7-62i 20-60i 43-49i
 -32-23i -20-33i -6-40i 9-41i 23-37i 36-26i 40-11i 37+7i
 0+75i -32+66i -55+49i -69+25i -74-6i -68-32i -53-52i -27-66i
 39-54i 57-39i 65-19i 65+6i 59+30i 43+52i 22+63i -5+63i
 -99+27i -106-15i -93-50i -69-80i -31-104i 6-110i 43-101i 78-70i
 26+88i -9+93i -44+82i -78+55i -97+23i -100-12i -83-51i -54-80i
 -72+5i -69-25i -53-50i -33-65i -8-72i 21-68i 44-53i 60-30i
 -27+37i -43+22i -50+4i -48-14i -36-33i -17-44i 2-47i 22-40i
 85+40i 67+69i 39+89i -2+97i -39+92i -70+74i -93+40i -98+2i
 -55-41i -37-59i -12-66i 13-63i 35-53i 55-36i 65-14i 64+14i
 -34+25i -43+10i -45-7i -40-26i -29-39i -16-44i 2-45i 19-41i
 -53+13i -53-7i -45-29i -31-44i -13-53i 9-53i 27-43i 43-27i
 39+52i 13+64i -14+64i -38+54i -55+36i -61+17i -60-4i -52-29i

 标签ANT_1A 采集顺序:4B 4A 3A 3B 2A 2B 7B 7A 6B 6A 5B 5A * 2 MAC:b231f9e364c4
 -43+1i -42-18i -35-30i -24-40i -6-46i 12-46i 29-37i 41-20i
 48+59i 22+72i -6+73i -36+63i -57+47i -69+25i -72-6i -63-33i
 3-56i 28-53i 48-39i 60-18i 63+8i 53+30i 35+46i 10+54i
 -90+62i -108+22i -108-21i -90-64i -63-92i -28-107i 14-107i 51-90i
 54+79i 23+94i -16+95i -49+82i -76+61i -94+28i -97-9i -89-46i
 -59+37i -67+9i -65-14i -54-36i -33-56i -9-66i 16-65i 40-52i
 -10+47i -27+40i -41+27i -50+8i -50-10i -42-27i -25-40i -6-44i
 100-26i 103+13i 86+53i 60+81i 28+98i -12+102i -47+90i -78+65i
 -60-7i -55-28i -43-45i -22-59i 0-64i 23-59i 46-41i 56-17i
 -21+43i -37+32i -47+13i -47-4i -41-19i -28-32i -15-40i 1-45i
 -50+35i -59+10i -60-12i -53-31i -37-48i -18-57i 4-58i 27-50i
 57+23i 45+44i 23+58i -6+64i -29+59i -48+46i -62+22i -67-3i
 7+43i -12+43i -29+36i -39+25i -46+11i -47-7i -39-22i -26-34i
 47-58i 66-34i 73-8i 71+20i 58+47i 40+65i 14+74i -19+71i
 -60+11i -60-11i -50-34i -34-51i -13-63i 12-66i 32-59i 47-41i
 92+66i 56+98i 15+108i -28+103i -71+80i -97+49i -108+11i -100-35i
 60-75i 84-50i 94-17i 92+21i 80+52i 59+77i 24+94i -15+97i
 50+49i 30+62i 4+69i -21+67i -44+57i -63+36i -70+13i -68-13i
 47-4i 42+15i 32+30i 18+41i 0+48i -15+45i -28+35i -36+16i
 -50-85i -20-97i 13-97i 49-83i 76-59i 94-26i 96+20i 78+60i
 9+62i -16+60i -35+49i -51+33i -60+10i -60-10i -51-29i -35-44i
 47+5i 43+21i 31+32i 13+40i -4+43i -20+38i -35+28i -43+15i
 46+37i 30+53i 8+60i -13+58i -33+49i -52+31i -60+9i -58-14i
 15-60i 36-50i 48-33i 55-13i 57+12i 51+33i 36+52i 12+65i

 标签ANT_1A 采集顺序:4B 4A 3A 3B 2A 2B 7B 7A 6B 6A 5B 5A * 2 MAC:b231f9e364c4
 -31-32i -13-42i 3-44i 19-40i 34-27i 41-13i 41+4i 32+22i
 -32+61i -56+45i -71+22i -74-7i -69-34i -55-57i -27-72i 4-73i
 57-16i 57+6i 45+28i 29+45i 11+58i -12+64i -30+57i -44+40i
 -105-50i -75-88i -37-106i 5-111i 50-100i 83-75i 103-39i 106+9i
 -44+89i -73+70i -90+37i -94+5i -89-28i -68-59i -39-82i -3-93i
 -61-24i -43-50i -20-62i 5-64i 32-56i 50-42i 61-23i 64+3i
 -45+11i -46-7i -41-21i -31-34i -17-43i 0-47i 19-42i 32-28i
 65+70i 33+92i -11+98i -50+87i -80+63i -97+25i -94-13i -78-49i
 -8-59i 15-63i 37-55i 54-39i 66-14i 65+10i 55+33i 35+52i
 -45-1i -41-18i -30-32i -14-41i 2-42i 17-37i 30-28i 40-19i
 -53-31i -35-49i -15-58i 8-58i 31-50i 47-35i 54-15i 52+11i
 -15+62i -36+53i -52+36i -62+12i -64-9i -59-29i -43-47i -21-60i
 -26+30i -37+18i -43+3i -42-12i -35-27i -20-39i -4-42i 13-39i
 72+12i 58+42i 37+60i 10+70i -19+70i -41+60i -58+41i -66+10i
 -37-44i -15-57i 10-58i 37-50i 54-34i 62-13i 59+14i 47+36i
 -43+101i -75+78i -98+42i -107+5i -105-33i -87-72i -57-96i -15-106i
 89+28i 72+59i 43+81i 3+91i -33+88i -65+70i -91+36i -100-3i
 -26+63i -45+49i -57+29i -62+10i -63-9i -57-30i -43-47i -20-58i
 27+40i 9+47i -11+45i -29+36i -43+20i -48+4i -43-11i -30-27i
 62-76i 87-49i 97-15i 91+24i 76+56i 51+82i 13+97i -25+93i
 -60+28i -67+3i -62-22i -49-42i -30-55i -4-63i 22-59i 44-44i
 16+43i -2+45i -19+40i -34+30i -45+15i -46-1i -42-19i -31-38i
 -16+52i -34+42i -48+24i -54+3i -55-19i -45-42i -27-54i -5-56i
 61-15i 63+12i 53+35i 34+55i 8+68i -18+67i -42+55i -61+33i

 标签ANT_1A 采集顺序:4B 4A 3A 3B 2A 2B 7B 7A 6B 6A 5B 5A * 2 MAC:b231f9e364c4
 -3+44i -19+40i -30+32i -39+19i -45+2i -42-14i -32-28i -14-38i
 64-30i 73-5i 72+20i 58+47i 38+64i 14+73i -17+71i -42+58i
 -61-14i -53-36i -35-56i -12-65i 13-67i 39-55i 54-35i 59-8i
 65+89i 23+110i -17+111i -58+94i -87+66i -104+29i -107-15i -91-53i
 78-53i 95-24i 97+13i 86+46i 62+74i 24+94i -17+97i -57+84i
 22+56i -2+62i -22+59i -41+50i -61+31i -72+7i -70-21i -53-47i
 43+17i 31+31i 16+42i -5+50i -21+49i -35+41i -44+22i -45+1i
 -25-93i 11-96i 50-81i 78-57i 95-27i 99+10i 87+41i 61+68i
 -16+60i -41+52i -56+36i -64+14i -63-12i -54-34i -39-50i -16-58i
 43+11i 36+22i 21+34i 4+42i -15+44i -37+36i -50+20i -55+0i
 30+48i 8+58i -11+59i -30+53i -49+38i -60+18i -60-5i -47-32i
 44-47i 58-27i 63-2i 58+25i 47+44i 29+58i 4+65i -20+64i
 42-4i 40+10i 32+21i 21+31i 7+39i -10+43i -26+37i -39+23i
 -58-45i -33-60i -6-63i 20-58i 44-46i 59-30i 65-8i 61+24i
 -4+60i -29+53i -47+38i -59+15i -61-7i -55-29i -36-50i -12-61i
 87-68i 109-29i 112+12i 101+51i 73+89i 38+110i -4+113i -50+97i
 -73-67i -46-89i -9-96i 32-86i 63-66i 84-37i 95+2i 90+38i
 47-54i 61-33i 66-10i 64+12i 54+34i 37+54i 16+64i -8+64i
 -12-41i 6-43i 22-39i 36-28i 44-10i 44+9i 35+25i 17+37i
 -88+42i -100+7i -97-27i -78-59i -51-81i -16-93i 28-92i 63-75i
 59-5i 58+19i 46+42i 25+57i 1+64i -26+58i -46+43i -58+22i
 16-40i 29-32i 37-19i 42-4i 41+10i 35+24i 22+38i 7+47i
 42-41i 55-22i 60+0i 57+19i 48+37i 28+53i 5+58i -21+54i
 -66-16i -56-38i -38-53i -16-63i 12-62i 34-53i 51-36i 63-11i

 标签ANT_2A 采集顺序:4B 4A 3A 3B 2A 2B 7B 7A 6B 6A 5B 5A * 2 MAC:b231f9e364c4
 30-34i 43-21i 49-6i 46+11i 39+25i 27+36i 8+41i -11+37i
 -67+6i -65-21i -48-48i -25-64i 2-69i 31-62i 53-43i 67-16i
 44+46i 23+59i 0+61i -24+55i -48+41i -63+23i -66+0i -56-28i
 6-110i 47-100i 79-73i 104-32i 109+8i 100+46i 71+80i 32+96i
 -90-16i -80-50i -54-79i -22-93i 13-94i 50-80i 78-54i 96-21i
 11-67i 37-57i 53-43i 63-23i 67+5i 62+30i 42+54i 18+67i
 -32-39i -14-47i 7-46i 24-40i 38-30i 49-14i 49+3i 40+21i
 -38+94i -75+71i -95+39i -102+2i -94-38i -75-68i -45-88i -2-96i
 55-32i 66-11i 66+12i 54+35i 37+51i 14+60i -14+59i -36+46i
 -13-42i 1-45i 16-42i 28-33i 35-21i 39-2i 38+17i 32+35i
 7-56i 29-47i 45-32i 57-12i 61+13i 55+34i 38+50i 11+57i
 -62+20i -66-4i -59-26i -42-47i -24-59i 1-63i 24-58i 46-44i
 -46-12i -37-27i -25-37i -8-42i 12-40i 29-30i 39-15i 39+5i
 14+66i -12+66i -36+57i -57+40i -70+20i -74-3i -65-31i -45-53i
 35-55i 51-40i 61-16i 61+8i 54+33i 34+53i 9+60i -18+53i
 -109-5i -102-51i -78-84i -44-106i 0-117i 36-110i 67-87i 90-47i
 28+92i -9+96i -45+85i -77+56i -93+24i -96-10i -82-50i -58-79i
 -67+13i -69-15i -59-39i -41-56i -19-65i 9-66i 33-57i 53-37i
 -34+38i -47+27i -53+11i -51-10i -44-28i -33-41i -15-49i 5-47i
 101+10i 90+47i 60+80i 23+98i -17+104i -59+93i -88+67i -103+26i
 -53-38i -33-61i -8-69i 18-65i 42-50i 56-29i 59-6i 50+21i
 -33+29i -42+16i -44-1i -40-19i -33-33i -21-43i -3-49i 16-46i
 -59+5i -57-16i -43-35i -25-47i -4-54i 19-53i 36-42i 47-22i
 30+54i 4+62i -20+59i -41+47i -57+28i -64+8i -62-15i -54-35i

 标签ANT_2A 采集顺序:4B 4A 3A 3B 2A 2B 7B 7A 6B 6A 5B 5A * 2 MAC:b231f9e364c4
 -15-40i 1-43i 18-39i 31-31i 40-21i 44-7i 40+7i 30+21i
 -49+60i -68+37i -74+9i -70-21i -59-44i -41-61i -13-69i 14-66i
 60-9i 65+13i 58+36i 42+53i 19+64i -10+66i -34+55i -51+33i
 -91-60i -62-90i -27-106i 13-109i 58-94i 90-66i 106-27i 103+21i
 -56+81i -84+57i -98+24i -101-16i -92-50i -72-79i -34-100i 8-105i
 -59-39i -38-58i -12-68i 12-66i 34-56i 51-37i 61-15i 62+7i
 -45+12i -47-6i -43-22i -33-35i -17-46i -2-50i 14-46i 28-33i
 67+79i 32+99i -10+103i -45+91i -75+69i -97+34i -102-3i -90-41i
 -5-65i 23-63i 42-50i 56-30i 64-6i 62+16i 52+35i 32+49i
 -52-3i -48-19i -33-32i -13-41i 5-42i 20-38i 33-29i 42-17i
 -45-36i -27-52i -5-58i 15-54i 34-44i 51-27i 59-8i 57+12i
 -15+61i -38+50i -53+33i -62+11i -63-16i -55-38i -36-56i -7-67i
 -36+21i -41+4i -42-12i -37-27i -26-38i -12-44i 6-44i 20-37i
 69+19i 58+43i 41+57i 20+67i -7+70i -33+64i -54+46i -66+13i
 -21-59i 1-65i 21-61i 41-47i 53-28i 60-6i 56+20i 39+40i
 -39+101i -75+86i -102+52i -111+12i -106-30i -84-72i -52-95i -11-103i
 95+29i 79+67i 49+88i 11+98i -31+94i -62+78i -85+48i -98+4i
 -31+55i -51+39i -62+18i -66-7i -61-29i -48-47i -25-62i 1-66i
 19+45i 2+49i -17+44i -33+33i -45+19i -52+2i -48-13i -35-27i
 60-84i 90-54i 103-14i 98+30i 81+62i 54+85i 15+95i -23+91i
 -58+24i -65+2i -59-22i -44-41i -24-54i 0-61i 20-56i 38-43i
 1+45i -18+44i -31+36i -41+24i -48+7i -48-10i -42-27i -28-42i
 -19+52i -38+41i -50+26i -57+6i -57-12i -50-30i -34-44i -13-50i
 60-16i 63+9i 53+34i 37+50i 18+61i -8+64i -32+56i -54+40i

 标签ANT_2A 采集顺序:4B 4A 3A 3B 2A 2B 7B 7A 6B 6A 5B 5A * 2 MAC:b231f9e364c4
 -29+32i -40+16i -42+0i -39-18i -30-35i -18-46i -3-48i 16-40i
 70+18i 56+44i 34+61i 8+70i -14+68i -33+59i -51+42i -60+19i
 -46-41i -27-56i -2-58i 22-53i 41-41i 56-20i 59+2i 53+25i
 -6+108i -52+96i -81+69i -100+33i -107-12i -97-49i -74-80i -34-103i
 98+18i 86+50i 61+77i 20+95i -17+97i -55+81i -81+52i -95+13i
 -18+63i -43+52i -59+35i -68+14i -66-15i -53-40i -32-60i -5-69i
 25+40i 8+47i -8+49i -24+44i -38+33i -49+18i -52-3i -43-22i
 42-92i 73-71i 95-36i 103-2i 100+32i 81+67i 51+88i 11+99i
 -48+46i -63+24i -67+1i -62-24i -47-48i -24-63i 2-66i 29-55i
 16+44i -2+48i -21+44i -36+30i -43+13i -43-4i -37-20i -29-32i
 -12+56i -31+49i -47+34i -55+16i -56-9i -48-28i -33-45i -9-54i
 60-15i 64+8i 58+32i 40+53i 17+64i -8+63i -35+50i -53+32i
 38+17i 28+31i 14+43i -1+48i -17+46i -33+34i -41+14i -41-8i
 -1-75i 30-67i 51-48i 63-24i 68+3i 64+26i 51+45i 27+62i
 -41+42i -54+25i -58+7i -55-12i -47-29i -34-47i -11-60i 13-61i
 109-11i 107+28i 86+69i 53+97i 13+111i -35+109i -72+86i -98+50i
 -19-98i 23-99i 57-82i 83-53i 98-13i 97+24i 77+62i 44+89i
 68+6i 62+30i 46+50i 25+62i -1+67i -30+62i -50+48i -65+27i
 39-33i 52-15i 56+4i 51+20i 39+35i 22+43i 3+46i -19+40i
 -95-21i -81-57i -55-83i -17-99i 20-99i 55-85i 84-53i 96-14i
 47+41i 32+55i 8+60i -16+56i -40+48i -60+31i -68+11i -67-11i
 34-28i 41-11i 40+7i 34+23i 21+36i 6+41i -9+40i -26+35i
 59+15i 51+34i 37+46i 18+55i -1+57i -23+55i -39+45i -50+26i
 -31-51i -5-58i 19-55i 39-47i 53-30i 58-9i 56+15i 45+41i

 标签ANT_2A 采集顺序:4B 4A 3A 3B 2A 2B 7B 7A 6B 6A 5B 5A * 2 MAC:b231f9e364c4
 28+32i 16+42i 1+45i -16+41i -30+31i -39+17i -39-3i -35-19i
 12-69i 39-58i 58-39i 70-15i 73+14i 65+36i 45+55i 18+67i
 -52+37i -64+14i -64-9i -54-32i -38-48i -16-57i 13-56i 33-49i
 110+14i 96+53i 66+88i 28+107i -13+110i -57+91i -85+60i -100+24i
 15-95i 53-83i 80-58i 96-25i 96+18i 79+57i 50+89i 12+106i
 67+30i 53+51i 32+62i 6+66i -16+62i -36+52i -54+33i -63+11i
 41-29i 49-13i 50+10i 41+30i 26+45i 3+49i -17+40i -33+26i
 -82-61i -55-85i -22-98i 17-100i 49-88i 75-62i 92-20i 95+20i
 26+59i 1+62i -23+57i -42+46i -55+29i -61+4i -57-19i -46-40i
 44-8i 45+10i 40+26i 30+40i 13+49i -6+50i -24+42i -38+26i
 58+12i 50+29i 35+44i 15+55i -4+57i -23+49i -38+30i -48+10i
 -7-62i 16-60i 39-48i 54-32i 62-11i 61+13i 52+33i 37+48i
 25-36i 39-23i 44-8i 43+9i 35+25i 22+36i 6+40i -10+40i
 -70+0i -66-25i -50-48i -29-64i -5-70i 23-64i 45-47i 61-25i
 48+42i 26+57i 3+62i -21+59i -46+45i -61+22i -63-7i -54-35i
 9-115i 49-103i 82-77i 105-35i 109+7i 97+46i 67+79i 34+97i
 -96+13i -95-22i -76-60i -48-86i -12-99i 32-96i 68-77i 93-47i
 4-63i 27-60i 45-49i 59-32i 66-6i 63+18i 51+40i 31+57i
 -37-37i -22-49i -2-54i 20-51i 37-42i 47-26i 46-4i 40+14i
 -28+90i -65+75i -90+51i -103+18i -101-22i -83-58i -54-86i -15-101i
 62-45i 70-22i 69+4i 59+31i 45+50i 27+62i 2+64i -18+58i
 -30-42i -15-47i 3-48i 19-44i 35-35i 46-20i 49-3i 41+13i
 5-66i 30-64i 49-52i 64-32i 71-5i 66+18i 50+37i 27+49i
 -57+30i -64+8i -61-17i -46-43i -26-59i -2-65i 26-60i 46-46i

 标签ANT_2A 采集顺序:4B 4A 3A 3B 2A 2B 7B 7A 6B 6A 5B 5A * 2 MAC:b231f9e364c4
 22-39i 34-27i 42-14i 45+1i 42+17i 33+31i 15+41i -5+40i
 -71+1i -67-24i -50-47i -29-61i -3-69i 27-68i 50-54i 65-30i
 56+35i 38+56i 13+63i -14+61i -40+50i -55+33i -60+12i -54-13i
 -18-109i 24-109i 60-90i 92-54i 108-14i 108+30i 85+72i 47+95i
 -98+5i -93-34i -76-63i -47-86i -7-97i 30-93i 66-75i 97-39i
 -3-68i 22-65i 43-54i 60-33i 67-7i 64+20i 50+45i 31+60i
 -31-32i -20-42i -6-48i 10-48i 26-40i 40-25i 44-6i 38+12i
 -16+98i -58+85i -85+60i -100+25i -99-18i -84-54i -55-82i -11-97i
 45-47i 62-28i 66-4i 57+23i 44+43i 27+57i 5+64i -17+62i
 -32-32i -20-41i -2-44i 17-41i 33-33i 44-19i 46-2i 42+17i
 2-53i 23-48i 38-38i 48-22i 51-2i 50+19i 42+40i 24+51i
 -60+21i -68-2i -63-26i -48-45i -28-58i -4-62i 17-57i 38-45i
 -44-8i -35-23i -26-33i -13-40i 3-42i 15-38i 24-27i 29-9i
 32+62i 10+70i -16+68i -44+55i -64+33i -73+4i -64-32i -44-58i
 29-53i 46-38i 57-16i 62+5i 60+27i 45+47i 22+58i -5+59i
 -103+30i -108-19i -95-56i -69-85i -29-103i 11-107i 49-94i 83-63i
 36+88i 0+95i -40+86i -70+67i -90+42i -98+4i -90-35i -70-71i
 -62+16i -67-10i -62-30i -50-49i -28-63i -2-68i 27-64i 52-49i
 -24+41i -40+28i -48+14i -51-1i -48-16i -39-29i -20-36i 1-37i
 101-8i 96+31i 70+66i 37+87i -1+95i -44+86i -76+60i -95+23i
 -56-35i -36-54i -15-63i 6-65i 29-58i 47-42i 58-17i 60+12i
 -29+37i -39+22i -44+5i -42-13i -33-27i -18-38i 2-44i 19-43i
 -50+20i -55-1i -52-19i -42-35i -23-49i -2-55i 20-52i 39-37i
 39+46i 19+60i -5+62i -33+52i -53+36i -65+16i -64-9i -55-29i

 标签ANT_2A 采集顺序:4B 4A 3A 3B 2A 2B 7B 7A 6B 6A 5B 5A * 2 MAC:b231f9e364c4
 -40+1i -39-16i -34-28i -24-38i -10-42i 7-42i 23-34i 34-20i
 36+66i 7+73i -23+68i -43+56i -58+39i -67+14i -67-13i -57-39i
 10-57i 34-53i 49-40i 58-20i 60+6i 51+28i 32+44i 3+51i
 -93+66i -113+26i -113-18i -92-64i -62-95i -24-113i 21-114i 57-96i
 61+77i 32+91i -6+93i -40+85i -69+68i -92+35i -98-4i -89-47i
 -52+43i -64+12i -66-12i -58-36i -43-51i -22-61i 6-61i 31-53i
 -10+47i -26+37i -38+22i -43+8i -43-8i -35-25i -23-37i -7-43i
 96-14i 97+28i 82+61i 54+87i 14+102i -24+100i -58+83i -87+50i
 -65-11i -60-32i -46-49i -22-62i 2-65i 27-59i 47-41i 57-18i
 -12+41i -26+32i -37+17i -44+3i -45-12i -39-27i -25-38i -5-44i
 -45+29i -51+7i -52-12i -45-30i -32-46i -13-55i 8-54i 29-43i
 54+32i 40+52i 16+63i -10+62i -35+51i -56+29i -64+5i -62-18i
 11+38i -6+39i -21+35i -32+27i -43+11i -44-7i -37-24i -19-38i
 47-51i 62-34i 70-13i 68+16i 56+42i 34+59i 1+64i -28+55i
 -60+13i -61-7i -53-30i -38-48i -17-60i 10-61i 31-50i 45-28i
 86+61i 53+94i 15+108i -25+107i -69+87i -97+52i -108+8i -100-42i
 67-70i 87-42i 93-7i 84+36i 66+69i 39+93i 0+104i -36+97i
 57+49i 34+68i 9+73i -16+69i -40+55i -55+35i -62+12i -60-15i
 40+0i 39+15i 31+30i 16+42i -1+47i -17+47i -32+39i -40+25i
 -65-80i -33-97i 10-98i 45-84i 75-60i 95-22i 96+16i 78+53i
 4+62i -23+60i -42+46i -56+25i -63-2i -59-23i -47-41i -24-53i
 50+3i 43+21i 30+36i 13+44i -2+45i -17+40i -31+27i -42+11i
 38+42i 21+54i -1+57i -19+52i -35+40i -46+21i -48+2i -43-17i
 27-61i 54-48i 68-26i 69+3i 60+27i 45+44i 23+55i 1+59i

 标签ANT_2A 采集顺序:4B 4A 3A 3B 2A 2B 7B 7A 6B 6A 5B 5A * 2 MAC:b231f9e364c4
 -46+8i -46-11i -36-28i -21-39i -4-44i 16-41i 29-34i 38-22i
 39+52i 11+69i -17+71i -43+62i -64+41i -71+16i -69-11i -54-39i
 3-61i 23-61i 41-50i 55-27i 60-3i 57+20i 42+41i 18+51i
 -93+65i -115+24i -115-24i -98-64i -69-97i -26-118i 17-118i 56-100i
 56+77i 19+95i -16+96i -48+87i -74+65i -88+37i -93+1i -85-45i
 -62+42i -73+19i -72-7i -58-35i -39-54i -15-66i 13-68i 36-58i
 -10+45i -26+40i -38+29i -45+12i -46-9i -39-26i -26-36i -6-40i
 84-44i 95-10i 92+27i 72+66i 45+92i 9+103i -34+93i -68+67i
 -67-16i -58-40i -36-57i -12-64i 12-64i 38-54i 55-38i 65-16i
 -8+42i -25+35i -37+22i -42+8i -42-9i -35-23i -24-36i -5-47i
 -50+26i -61+7i -62-14i -51-36i -35-50i -14-58i 12-58i 31-48i
 56+30i 43+47i 19+58i -5+60i -28+55i -50+40i -61+19i -64-4i
 11+42i -8+43i -22+37i -34+24i -39+10i -40-4i -36-18i -25-28i
 51-48i 66-30i 70-5i 65+19i 54+40i 35+59i 11+67i -17+66i
 -55+15i -57-9i -50-29i -37-45i -16-59i 6-63i 28-54i 46-31i
 89+73i 57+102i 16+115i -32+110i -68+91i -95+60i -109+16i -106-26i
 58-79i 84-51i 97-9i 92+30i 74+63i 43+89i 6+98i -33+95i
 55+40i 33+58i 12+65i -11+65i -36+54i -54+35i -64+9i -65-22i
 48+2i 43+17i 32+32i 18+43i 0+48i -20+46i -35+33i -43+12i
 -46-89i -7-102i 26-98i 54-82i 82-54i 97-23i 100+13i 83+53i
 -6+72i -30+69i -46+55i -56+31i -60+8i -58-14i -47-36i -30-50i
 48+6i 42+23i 27+37i 8+45i -10+45i -27+38i -38+25i -48+10i
 44+32i 30+46i 11+54i -10+56i -35+49i -53+35i -62+14i -59-12i
 10-60i 30-50i 47-33i 60-10i 65+11i 60+33i 41+53i 16+65i

 标签ANT_2A 采集顺序:4B 4A 3A 3B 2A 2B 7B 7A 6B 6A 5B 5A * 2 MAC:b231f9e364c4
 -43+13i -46-7i -40-25i -26-39i -8-47i 10-49i 28-41i 37-27i
 50+54i 26+70i -6+73i -33+65i -53+49i -66+25i -69-2i -63-28i
 -7-55i 17-60i 33-53i 46-39i 57-16i 60+7i 52+28i 31+46i
 -62+90i -90+60i -106+23i -106-22i -92-60i -63-90i -18-107i 25-104i
 80+61i 56+87i 18+98i -18+94i -51+80i -80+53i -95+19i -98-21i
 -40+53i -61+28i -69+4i -66-25i -53-47i -32-63i -3-69i 22-63i
 6+44i -10+43i -27+35i -38+22i -44+6i -43-13i -34-28i -19-37i
 88-42i 102+0i 96+37i 74+70i 38+95i 2+104i -36+95i -72+66i
 -62-20i -51-44i -33-59i -10-65i 10-63i 29-55i 45-40i 55-21i
 -10+44i -24+39i -36+28i -42+13i -44-3i -39-22i -27-36i -11-46i
 -32+41i -46+26i -53+10i -56-8i -51-29i -40-45i -21-55i 5-55i
 56+16i 48+36i 29+52i 9+60i -12+60i -35+52i -52+35i -64+13i
 22+36i 5+44i -13+44i -30+36i -46+20i -53+3i -50-13i -38-26i
 36-66i 55-50i 67-28i 70+3i 64+30i 49+53i 21+69i -8+71i
 -55+20i -62+0i -58-22i -47-39i -31-54i -8-63i 15-60i 35-44i
 105+36i 87+76i 55+101i 13+114i -37+108i -75+84i -99+47i -104-2i
 41-86i 68-64i 85-31i 90+9i 83+43i 64+70i 29+91i -10+98i
 53+36i 36+56i 15+65i -5+64i -29+56i -48+41i -62+19i -66-9i
 43-12i 48+3i 46+19i 37+35i 23+44i 6+48i -15+44i -30+32i
 -78-64i -48-90i -3-100i 37-93i 69-75i 90-43i 96-7i 88+32i
 14+60i -11+66i -34+59i -54+42i -67+17i -67-8i -57-30i -35-47i
 43-3i 42+15i 33+32i 16+46i 0+51i -15+47i -30+35i -40+20i
 52+26i 39+43i 16+54i -6+55i -25+50i -44+36i -54+19i -56-3i
 3-60i 28-59i 48-45i 63-21i 67+3i 62+27i 43+51i 20+66i

 标签ANT_2A 采集顺序:4B 4A 3A 3B 2A 2B 7B 7A 6B 6A 5B 5A * 2 MAC:b231f9e364c4
 -46+5i -43-14i -32-27i -15-37i 2-40i 17-37i 29-26i 36-13i
 39+62i 15+72i -13+71i -37+62i -57+45i -71+21i -72-6i -62-33i
 -2-65i 25-62i 44-47i 55-25i 60+3i 55+26i 42+43i 19+52i
 -81+75i -103+41i -110+2i -99-43i -76-79i -41-103i 4-110i 44-95i
 56+80i 25+99i -14+101i -47+89i -73+66i -91+31i -97-5i -91-44i
 -40+45i -59+22i -67+0i -65-22i -52-46i -30-60i -4-66i 24-61i
 0+45i -18+41i -35+29i -44+14i -47-2i -42-19i -30-30i -14-37i
 94-36i 101+8i 92+44i 69+73i 33+93i -4+99i -41+89i -76+61i
 -66-9i -60-34i -44-53i -19-65i 6-65i 29-56i 49-37i 58-13i
 -13+51i -30+44i -44+28i -50+10i -49-10i -38-31i -24-45i -6-51i
 -39+38i -52+19i -56+0i -52-19i -42-39i -28-52i -9-59i 16-55i
 61+20i 51+43i 34+59i 9+66i -14+63i -35+52i -56+29i -66+4i
 22+35i 5+39i -11+36i -25+28i -36+14i -40+0i -39-15i -30-28i
 36-62i 56-45i 68-22i 72+8i 65+35i 48+57i 17+69i -14+67i
 -62+14i -63-8i -52-29i -36-44i -18-54i 4-58i 24-51i 41-33i
 84+70i 50+98i 13+107i -25+104i -66+86i -94+58i -108+21i -105-26i
 58-79i 84-52i 95-20i 93+18i 80+48i 56+74i 15+93i -26+96i
 57+38i 39+56i 17+66i -4+67i -26+61i -50+43i -64+19i -66-7i
 46+0i 44+16i 36+31i 22+43i 6+48i -12+48i -29+38i -37+23i
 -60-78i -25-97i 16-98i 50-85i 77-62i 96-27i 99+10i 85+47i
 5+60i -21+58i -41+45i -55+25i -64-1i -61-23i -48-43i -24-57i
 43+9i 39+26i 29+39i 13+47i -2+47i -17+42i -31+33i -42+22i
 48+34i 35+47i 15+54i -4+54i -25+48i -46+32i -56+11i -55-12i
 1-63i 30-57i 49-41i 60-21i 61+6i 53+28i 38+48i 14+64i

 标签ANT_2A 采集顺序:4B 4A 3A 3B 2A 2B 7B 7A 6B 6A 5B 5A * 2 MAC:b231f9e364c4
 21+32i 8+40i -5+41i -21+35i -33+26i -41+13i -43-5i -36-20i
 11-72i 35-63i 56-41i 66-14i 66+14i 56+40i 39+56i 17+64i
 -47+35i -60+12i -61-12i -53-34i -35-53i -15-62i 7-61i 32-48i
 110+19i 94+57i 65+86i 23+104i -17+106i -53+95i -86+65i -100+26i
 8-95i 48-82i 75-59i 90-29i 95+8i 85+42i 63+72i 26+96i
 70+8i 61+35i 43+54i 13+66i -15+67i -42+56i -62+34i -69+8i
 39-24i 47-5i 47+16i 41+31i 28+42i 9+48i -10+45i -26+34i
 -86-62i -53-91i -16-101i 20-98i 57-83i 83-60i 99-29i 101+14i
 35+57i 14+66i -8+66i -31+59i -50+47i -64+28i -68-2i -61-30i
 35-26i 44-12i 44+7i 36+23i 23+37i 7+46i -10+48i -25+45i
 59+3i 54+24i 42+42i 20+55i -3+59i -26+53i -46+37i -55+16i
 -15-58i 8-61i 32-54i 51-39i 63-18i 64+9i 54+33i 34+52i
 24-35i 35-21i 41-6i 42+10i 38+24i 30+34i 16+39i -4+40i
 -68+8i -67-18i -55-39i -32-57i -6-65i 21-63i 48-47i 63-22i
 43+45i 23+60i -3+63i -25+56i -44+42i -57+22i -58+1i -50-20i
 5-113i 48-104i 80-78i 104-42i 114+6i 104+50i 78+84i 33+104i
 -94-9i -86-44i -60-75i -29-93i 6-98i 46-88i 77-63i 97-32i
 -1-71i 27-64i 45-51i 56-34i 62-11i 61+12i 51+35i 30+55i
 -43-28i -31-42i -15-50i 7-49i 26-41i 39-27i 44-7i 38+11i
 -18+101i -53+89i -84+60i -102+25i -106-14i -91-56i -63-83i -24-97i
 44-48i 62-25i 66-2i 61+21i 47+43i 28+58i 5+65i -24+60i
 -27-37i -14-41i 1-41i 20-35i 33-25i 42-13i 45+3i 42+18i
 -1-60i 25-57i 42-45i 53-28i 57-4i 54+16i 45+34i 25+47i
 -58+28i -67+7i -66-15i -53-37i -36-53i -15-62i 12-61i 35-52i

 标签ANT_2A 采集顺序:4B 4A 3A 3B 2A 2B 7B 7A 6B 6A 5B 5A * 2 MAC:b231f9e364c4
 -16-45i 5-48i 21-43i 32-33i 40-17i 41-2i 37+13i 26+27i
 -45+55i -64+37i -73+12i -69-19i -56-45i -36-64i -6-71i 22-66i
 57-7i 56+15i 44+35i 27+48i 3+58i -18+58i -37+48i -52+25i
 -83-71i -55-100i -19-114i 24-112i 61-96i 90-69i 108-29i 106+11i
 -45+87i -74+65i -92+25i -96-15i -86-53i -58-82i -21-97i 21-96i
 -59-31i -41-52i -21-62i 0-65i 27-61i 48-49i 62-29i 67+1i
 -46+8i -44-9i -35-24i -21-37i -6-45i 11-46i 29-36i 39-17i
 62+79i 28+97i -14+99i -50+88i -80+66i -99+30i -100-8i -86-45i
 -19-62i 8-67i 32-60i 52-43i 66-16i 66+10i 54+36i 34+53i
 -45-5i -40-23i -26-36i -9-43i 7-44i 23-38i 34-27i 43-13i
 -47-33i -29-50i -9-59i 12-61i 33-52i 47-37i 54-15i 51+11i
 -10+57i -33+53i -52+39i -65+14i -66-13i -56-39i -35-61i -12-70i
 -31+25i -39+12i -42-3i -38-18i -28-32i -10-41i 7-40i 22-30i
 66+34i 48+58i 25+70i -1+73i -31+66i -52+51i -64+27i -64-5i
 -27-60i -4-66i 18-62i 38-49i 50-32i 56-11i 54+11i 43+32i
 -28+106i -73+86i -101+53i -114+14i -110-32i -89-67i -55-92i -10-104i
 87+41i 68+71i 38+91i -3+99i -39+92i -69+71i -92+35i -100-4i
 -29+63i -49+47i -65+24i -69-1i -64-26i -47-49i -25-62i 0-66i
 14+41i -4+44i -19+41i -33+32i -45+15i -49-2i -45-20i -29-34i
 78-62i 98-31i 104+3i 95+41i 75+70i 44+91i 1+99i -39+89i
 -62+26i -70+2i -64-22i -49-38i -26-52i -2-58i 20-57i 41-44i
 11+46i -6+47i -21+41i -35+28i -42+13i -44-4i -41-23i -29-36i
 -22+55i -40+42i -52+24i -56+5i -53-15i -44-35i -28-48i -6-53i
 64+2i 61+25i 48+40i 28+50i 3+55i -20+52i -40+43i -57+26i

 标签ANT_2A 采集顺序:4B 4A 3A 3B 2A 2B 7B 7A 6B 6A 5B 5A * 2 MAC:b231f9e364c4
 -30-30i -18-39i -1-44i 16-42i 31-35i 43-20i 43-1i 37+16i
 -16+72i -43+57i -60+36i -70+13i -73-14i -63-37i -43-55i -15-66i
 47-39i 57-20i 59+3i 52+28i 37+47i 17+58i -10+57i -30+50i
 -109-15i -97-54i -69-89i -34-110i 5-115i 48-101i 79-70i 98-31i
 -11+98i -48+82i -74+55i -90+23i -95-14i -85-46i -63-74i -29-95i
 -64-7i -58-32i -41-54i -20-67i 3-71i 28-63i 47-47i 60-26i
 -39+31i -48+14i -49-5i -44-24i -31-42i -13-49i 7-46i 24-36i
 88+38i 70+68i 40+88i 1+98i -34+92i -64+69i -86+29i -92-6i
 -33-62i -10-67i 17-63i 37-55i 53-41i 61-18i 59+7i 51+30i
 -39+26i -46+5i -44-15i -35-33i -20-46i -3-50i 13-49i 28-38i
 -57-11i -48-31i -33-47i -12-58i 7-60i 24-51i 40-33i 49-14i
 23+56i -4+60i -29+56i -46+44i -57+24i -60+2i -57-21i -47-43i
 -21+35i -36+27i -45+14i -46-4i -40-19i -28-30i -9-36i 7-37i
 71-10i 70+17i 58+46i 39+64i 15+73i -17+70i -44+56i -64+36i
 -50-34i -34-50i -16-58i 6-59i 30-49i 46-33i 53-11i 53+13i
 17+108i -23+107i -60+94i -93+67i -109+32i -109-9i -87-54i -58-87i
 97-18i 96+20i 81+59i 58+84i 26+98i -18+98i -58+82i -88+54i
 5+64i -16+64i -36+56i -56+41i -67+20i -69-4i -58-32i -41-51i
 43+23i 30+39i 8+50i -13+51i -31+44i -41+28i -43+9i -41-9i
 7-102i 44-92i 71-70i 90-39i 98+2i 88+40i 62+73i 22+95i
 -37+45i -50+28i -59+8i -62-17i -55-37i -40-51i -16-56i 7-54i
 32+33i 16+44i -3+48i -20+45i -34+36i -46+20i -50+4i -47-12i
 11+55i -11+56i -29+49i -43+36i -53+16i -55-6i -48-27i -32-45i
 47-39i 58-21i 62+2i 59+23i 46+42i 22+58i -2+64i -25+59i

 标签ANT_2A 采集顺序:4B 4A 3A 3B 2A 2B 7B 7A 6B 6A 5B 5A * 2 MAC:b231f9e364c4
 -42-21i -28-37i -13-46i 3-49i 20-45i 31-33i 38-17i 39+4i
 13+69i -16+69i -44+58i -66+33i -74+4i -71-24i -53-48i -30-61i
 25-48i 43-38i 56-18i 60+4i 56+26i 41+47i 19+57i -7+54i
 -109+19i -112-30i -95-67i -65-93i -23-109i 16-109i 52-94i 85-59i
 11+94i -24+93i -60+76i -85+49i -98+16i -95-23i -76-57i -47-84i
 -66+15i -66-15i -57-38i -40-56i -15-68i 10-69i 32-62i 52-42i
 -28+42i -41+30i -48+13i -48-8i -43-26i -31-42i -10-50i 11-45i
 97-3i 92+33i 72+68i 42+90i 6+101i -37+95i -70+73i -91+37i
 -55-37i -33-58i -9-64i 16-63i 41-52i 56-36i 64-15i 62+12i
 -34+23i -40+13i -42-1i -39-18i -34-32i -22-43i -2-48i 16-44i
 -58+7i -58-19i -48-39i -30-51i -5-57i 16-55i 35-45i 49-27i
 35+54i 11+63i -15+61i -39+50i -53+36i -60+18i -61-6i -57-30i
 -10+41i -27+36i -40+24i -45+10i -43-6i -36-21i -24-30i -10-35i
 64-30i 73-3i 69+22i 56+46i 33+65i 7+72i -20+66i -46+45i
 -53-32i -38-46i -19-55i 4-59i 25-57i 44-47i 58-26i 58+0i
 38+106i -2+115i -45+104i -78+81i -102+49i -112+8i -105-31i -82-65i
 84-46i 96-9i 93+29i 72+66i 43+88i 7+98i -35+90i -68+69i
 20+64i -6+67i -31+61i -50+48i -65+27i -72-1i -65-27i -49-50i
 44+17i 33+35i 18+46i 0+49i -20+44i -33+34i -41+18i -43-4i
 -4-102i 30-97i 58-78i 83-46i 98-14i 100+20i 83+56i 51+81i
 -33+55i -54+39i -64+14i -62-9i -53-30i -37-50i -18-62i 3-64i
 37+24i 25+37i 10+43i -6+44i -23+38i -35+27i -43+14i -45-4i
 20+48i -2+53i -28+49i -48+37i -59+20i -61-3i -52-22i -36-37i
 43-45i 58-23i 62-2i 58+18i 47+38i 31+52i 10+63i -18+66i

 标签ANT_2A 采集顺序:4B 4A 3A 3B 2A 2B 7B 7A 6B 6A 5B 5A * 2 MAC:b231f9e364c4
 -39+16i -41-1i -39-16i -33-28i -24-36i -8-41i 7-38i 22-31i
 61+38i 41+62i 15+71i -12+69i -39+53i -56+33i -64+9i -62-20i
 -9-52i 9-55i 25-51i 43-39i 56-20i 62+1i 55+27i 34+43i
 -57+96i -90+69i -111+25i -113-16i -100-55i -70-88i -32-102i 9-101i
 80+57i 50+86i 17+97i -17+96i -51+81i -75+57i -91+23i -97-21i
 -31+61i -55+44i -70+22i -73-8i -64-35i -46-56i -15-70i 13-70i
 7+47i -9+45i -24+36i -35+26i -44+14i -48-1i -44-17i -29-35i
 72-70i 95-38i 101-2i 91+37i 71+67i 43+89i 4+98i -33+90i
 -64+3i -64-21i -50-45i -29-59i -4-66i 23-63i 43-51i 57-32i
 7+40i -10+41i -25+35i -39+21i -46+1i -44-18i -36-33i -22-44i
 -31+48i -45+35i -53+17i -54-6i -51-25i -41-42i -23-51i -3-50i
 66+10i 59+35i 39+56i 14+66i -11+66i -36+57i -53+41i -63+20i
 30+31i 13+39i -3+41i -20+37i -33+29i -42+17i -43+1i -35-13i
 20-68i 42-58i 61-37i 70-13i 72+14i 61+41i 38+59i 8+67i
 -48+38i -61+16i -60-7i -50-29i -34-51i -13-63i 10-63i 34-47i
 106+39i 85+75i 52+99i 7+110i -35+105i -71+84i -99+44i -106-1i
 34-89i 65-72i 87-40i 96-7i 95+27i 78+63i 50+86i 12+98i
 66+17i 50+43i 31+58i 10+67i -16+68i -39+57i -58+37i -68+9i
 48-21i 51-3i 47+16i 36+31i 20+41i -3+47i -21+43i -34+30i
 -73-72i -37-97i -1-103i 34-96i 67-75i 89-49i 100-14i 95+28i
 20+59i -4+64i -25+58i -44+45i -58+27i -65+4i -60-24i -44-44i
 44-11i 45+4i 40+20i 30+32i 16+41i -2+44i -19+43i -34+34i
 53+12i 45+35i 30+50i 10+58i -18+59i -40+49i -55+30i -59+3i
 -15-65i 9-66i 31-56i 52-35i 62-12i 65+10i 56+34i 39+53i

 标签ANT_2A 采集顺序:4B 4A 3A 3B 2A 2B 7B 7A 6B 6A 5B 5A * 2 MAC:b231f9e364c4
 -11-42i 7-42i 23-33i 34-21i 41-5i 41+10i 35+23i 21+34i
 -52+44i -69+21i -73-6i -64-35i -46-56i -23-69i 8-71i 36-59i
 60-7i 60+14i 50+35i 33+50i 11+61i -16+63i -38+50i -52+27i
 -77-77i -38-104i 0-112i 37-106i 74-81i 98-49i 107-9i 98+37i
 -73+65i -95+34i -101-1i -91-38i -72-63i -45-81i -7-93i 31-92i
 -51-50i -28-67i 2-74i 27-68i 48-51i 62-24i 65+3i 58+27i
 -49+3i -45-15i -36-30i -24-42i -4-49i 16-49i 34-37i 42-17i
 36+92i -1+101i -40+93i -69+73i -90+42i -101+1i -94-37i -71-70i
 9-63i 32-58i 48-44i 59-26i 64-1i 59+22i 45+43i 20+59i
 -45-7i -41-21i -29-33i -10-42i 8-43i 25-38i 40-25i 47-11i
 -39-41i -20-53i 2-58i 20-54i 35-43i 50-26i 55-8i 53+11i
 -18+64i -44+55i -61+35i -68+8i -63-23i -45-46i -21-60i 8-66i
 -43+17i -47+2i -44-13i -33-29i -19-40i 0-44i 17-39i 30-26i
 57+33i 42+52i 24+62i 4+66i -23+65i -47+54i -62+33i -66-1i
 -26-56i -3-64i 22-59i 46-40i 59-17i 61+8i 48+32i 28+47i
 -61+91i -93+59i -108+13i -106-30i -89-68i -53-100i -13-112i 29-104i
 79+52i 52+81i 18+94i -18+96i -55+84i -80+60i -96+26i -100-17i
 -32+56i -53+42i -66+22i -69-4i -63-28i -48-49i -25-65i 0-69i
 14+47i -1+51i -20+46i -35+34i -46+14i -47-6i -40-23i -23-35i
 82-64i 100-31i 102+5i 90+46i 68+76i 38+95i -5+98i -44+84i
 -61+18i -65-4i -56-29i -41-49i -20-63i 4-66i 26-56i 43-37i
 6+41i -12+40i -28+32i -40+17i -45-2i -41-17i -33-29i -20-40i
 -23+51i -43+36i -55+19i -59-1i -55-19i -44-36i -25-51i -3-56i
 65+2i 58+27i 40+50i 18+63i -3+67i -25+61i -44+48i -58+28i

 标签ANT_2A 采集顺序:4B 4A 3A 3B 2A 2B 7B 7A 6B 6A 5B 5A * 2 MAC:b231f9e364c4
 -41-7i -34-26i -22-36i -7-41i 14-40i 31-32i 42-17i 45+4i
 14+70i -12+70i -37+60i -58+38i -69+13i -71-13i -60-40i -40-58i
 27-57i 50-40i 60-17i 60+8i 51+32i 35+47i 14+53i -13+49i
 -109+30i -116-11i -104-50i -75-86i -37-108i 6-115i 52-102i 85-70i
 22+93i -16+95i -55+82i -81+58i -96+25i -95-19i -78-59i -49-91i
 -66+19i -68-10i -63-31i -51-50i -28-66i -3-71i 22-66i 48-46i
 -16+39i -34+33i -47+21i -52+1i -47-19i -35-37i -14-47i 7-45i
 99-1i 94+40i 68+75i 34+93i -3+97i -42+86i -69+64i -86+33i
 -48-35i -34-53i -14-63i 13-63i 35-55i 53-40i 64-15i 62+9i
 -29+31i -38+22i -43+7i -40-10i -34-25i -21-39i -5-45i 12-45i
 -55+9i -57-14i -50-32i -36-47i -12-58i 10-60i 29-50i 43-33i
 43+47i 24+60i 1+64i -27+58i -48+44i -61+23i -64-4i -56-27i
 6+42i -13+38i -30+28i -40+15i -44-2i -41-22i -29-36i -11-42i
 63-29i 69+0i 62+25i 46+48i 21+67i -4+73i -28+68i -51+47i
 -58-21i -46-41i -23-54i -1-59i 20-57i 39-45i 50-25i 54-1i
 58+91i 15+110i -25+108i -62+91i -97+56i -113+14i -110-30i -85-70i
 82-44i 94-13i 93+20i 78+54i 52+77i 18+90i -28+90i -67+74i
 32+64i 7+68i -19+61i -40+48i -57+33i -67+11i -66-12i -55-34i
 42+17i 35+34i 20+43i 0+45i -22+39i -39+28i -46+13i -43-5i
 -24-96i 13-101i 47-91i 79-62i 97-27i 100+12i 84+55i 54+83i
 -19+63i -44+52i -57+34i -62+12i -60-14i -52-35i -37-53i -10-63i
 35+20i 26+31i 15+37i 0+41i -16+39i -32+31i -46+16i -52-1i
 19+54i 1+57i -17+52i -32+43i -43+29i -53+9i -53-9i -46-28i
 25-58i 46-45i 59-25i 64+1i 59+29i 43+49i 20+62i -10+64i

 标签ANT_2A 采集顺序:4B 4A 3A 3B 2A 2B 7B 7A 6B 6A 5B 5A * 2 MAC:b231f9e364c4
 -46+18i -48-1i -43-16i -32-29i -18-39i -2-42i 13-37i 27-28i
 59+42i 41+62i 16+74i -17+73i -43+61i -61+39i -68+7i -64-18i
 -15-60i 8-62i 34-52i 54-36i 64-14i 61+14i 45+36i 26+51i
 -66+91i -95+52i -108+11i -106-29i -89-68i -57-93i -16-105i 30-102i
 79+64i 50+87i 15+97i -25+92i -56+76i -81+49i -99+10i -99-25i
 -35+54i -54+37i -65+12i -65-11i -57-33i -37-54i -12-65i 15-67i
 4+44i -14+45i -30+39i -45+26i -52+10i -50-7i -37-24i -22-36i
 67-71i 87-43i 96-6i 93+29i 79+61i 49+85i 13+94i -26+91i
 -66+16i -64-14i -53-38i -36-56i -16-65i 3-64i 22-56i 42-41i
 8+43i -11+43i -28+37i -41+23i -44+5i -40-14i -31-30i -20-37i
 -31+52i -47+38i -58+15i -58-8i -50-29i -33-46i -11-52i 11-51i
 67+5i 60+27i 45+44i 25+59i -3+66i -29+60i -51+44i -65+20i
 30+33i 18+44i -4+48i -25+42i -41+28i -47+7i -43-12i -33-25i
 26-67i 48-54i 64-37i 72-14i 71+16i 57+42i 32+62i 0+70i
 -60+22i -63+1i -59-19i -46-39i -31-53i -10-60i 15-54i 34-42i
 104+39i 83+73i 48+100i 10+113i -29+111i -68+88i -92+53i -103+13i
 27-96i 63-77i 87-50i 98-16i 94+25i 74+59i 42+87i 2+101i
 66+29i 52+50i 32+63i 4+70i -22+67i -45+54i -61+30i -64+6i
 38-23i 47-5i 47+13i 39+32i 23+46i 4+48i -16+41i -32+29i
 -84-56i -58-81i -25-95i 15-98i 48-88i 75-64i 93-23i 95+15i
 32+58i 10+68i -18+67i -39+57i -55+37i -61+11i -56-14i -45-35i
 45-12i 46+5i 39+20i 27+32i 11+39i -5+42i -21+37i -34+25i
 54+21i 44+40i 28+52i 3+58i -18+54i -36+44i -50+24i -55+5i
 -18-64i 5-64i 31-53i 50-34i 61-10i 60+18i 49+40i 32+54i

 标签ANT_2A 采集顺序:4B 4A 3A 3B 2A 2B 7B 7A 6B 6A 5B 5A * 2 MAC:b231f9e364c4
 -32-30i -18-38i -3-41i 12-40i 29-33i 38-19i 40+1i 36+21i
 -15+67i -38+59i -59+41i -71+17i -74-11i -64-42i -41-62i -13-71i
 47-45i 60-22i 63+3i 58+29i 40+54i 17+65i -11+62i -37+48i
 -115-28i -93-65i -61-93i -19-109i 19-109i 55-94i 86-59i 103-21i
 -33+90i -65+70i -89+38i -99+6i -96-27i -79-62i -52-89i -19-103i
 -73-16i -60-43i -41-60i -16-69i 12-68i 32-56i 48-38i 59-14i
 -43+21i -48+7i -49-10i -41-28i -27-41i -8-46i 14-41i 30-31i
 90+50i 61+79i 25+92i -13+95i -55+81i -83+54i -98+18i -98-24i
 -34-57i -14-64i 8-64i 33-55i 51-40i 61-20i 61+7i 55+28i
 -40+18i -47+0i -44-19i -33-32i -18-40i 2-42i 19-38i 33-29i
 -52-16i -43-37i -27-53i -6-62i 19-60i 38-47i 49-25i 51+1i
 6+66i -19+64i -42+52i -59+31i -65+10i -64-12i -53-35i -38-51i
 -21+35i -34+26i -44+11i -45-5i -40-22i -26-37i -9-43i 6-43i
 74+2i 66+29i 50+49i 26+66i 1+73i -25+68i -52+48i -68+25i
 -48-42i -32-54i -7-59i 17-56i 38-45i 54-25i 57-1i 52+21i
 -3+113i -48+102i -82+77i -107+41i -116-5i -104-46i -75-80i -33-102i
 96-7i 92+26i 76+59i 47+86i 14+99i -24+98i -67+80i -93+53i
 2+68i -24+63i -48+45i -62+23i -66+0i -59-24i -45-43i -26-57i
 32+33i 18+46i 1+51i -17+49i -35+37i -45+20i -45+0i -38-18i
 28-95i 62-76i 89-41i 99-4i 96+34i 75+68i 42+89i 8+97i
 -43+47i -59+26i -65+3i -62-20i -47-43i -27-56i -2-61i 24-57i
 16+34i 3+35i -11+33i -26+27i -38+15i -44+2i -43-16i -36-30i
 -6+57i -24+50i -42+35i -54+18i -58-1i -53-24i -39-41i -22-52i
 56-23i 63+3i 61+24i 47+42i 23+55i -2+60i -27+56i -48+43i

 标签ANT_2A 采集顺序:4B 4A 3A 3B 2A 2B 7B 7A 6B 6A 5B 5A * 2 MAC:b231f9e364c4
 46+15i 40+29i 28+39i 9+44i -8+42i -23+35i -33+21i -37+9i
 -22-76i 3-77i 31-65i 53-47i 68-24i 72+7i 61+35i 42+57i
 -26+54i -43+39i -55+20i -63-3i -62-25i -47-45i -20-59i 3-61i
 105-39i 111-1i 103+41i 84+75i 53+102i 7+114i -37+106i -72+83i
 -49-84i -13-97i 21-95i 53-83i 80-56i 92-21i 92+20i 78+60i
 58-38i 67-13i 66+14i 54+41i 36+59i 12+67i -18+63i -41+50i
 16-50i 31-39i 42-21i 46-3i 44+15i 33+30i 15+36i -4+37i
 -99+16i -96-23i -78-58i -51-87i -13-105i 24-99i 57-75i 83-39i
 60+29i 45+49i 20+61i -5+61i -28+52i -47+35i -56+14i -58-6i
 24-40i 36-27i 40-13i 41+2i 36+20i 27+35i 13+46i -9+48i
 53-21i 58+1i 54+23i 39+42i 21+52i 1+55i -22+51i -40+41i
 -53-39i -34-53i -9-60i 13-60i 32-53i 52-36i 63-13i 66+11i
 -7-43i 12-39i 26-32i 37-22i 43-7i 40+7i 31+22i 18+34i
 -52+48i -64+25i -68-1i -63-32i -50-52i -28-65i 4-67i 32-59i
 67-1i 60+24i 45+44i 24+59i -2+66i -25+57i -43+37i -55+12i
 -75-87i -38-108i 7-115i 56-102i 90-75i 107-38i 107+10i 95+49i
 -77+62i -94+29i -96-15i -82-52i -56-81i -17-98i 25-97i 61-83i
 -36-56i -8-64i 20-62i 46-52i 66-34i 73-13i 70+11i 56+35i
 -49-12i -41-29i -27-43i -8-50i 10-49i 26-40i 38-21i 43-5i
 52+85i 16+98i -28+96i -64+81i -89+54i -99+15i -93-23i -75-56i
 -2-62i 18-58i 36-46i 53-27i 61-5i 60+18i 45+41i 24+54i
 -45-11i -37-25i -22-37i -5-42i 14-42i 33-35i 43-23i 46-9i
 -41-41i -21-52i 1-55i 23-51i 44-39i 53-19i 52+7i 42+33i
 -32+58i -50+43i -60+21i -62-6i -54-31i -37-52i -11-66i 14-65i

 标签ANT_2A 采集顺序:4B 4A 3A 3B 2A 2B 7B 7A 6B 6A 5B 5A * 2 MAC:b231f9e364c4
 8-41i 22-36i 33-27i 40-14i 43+4i 37+20i 25+33i 8+41i
 -70+25i -71+0i -64-24i -51-48i -32-65i -6-71i 27-66i 52-48i
 58+24i 45+43i 21+56i -2+61i -24+56i -44+39i -53+17i -56-5i
 -40-112i 7-117i 45-103i 76-77i 101-39i 108+2i 98+41i 71+76i
 -94+28i -96-7i -85-44i -64-71i -34-89i 10-95i 52-84i 82-61i
 -21-69i 5-71i 26-65i 45-50i 59-27i 64-1i 61+25i 47+47i
 -46-19i -37-34i -25-44i -7-50i 12-49i 30-38i 42-16i 44+5i
 -4+99i -36+94i -69+74i -91+46i -102+9i -94-37i -67-73i -31-94i
 42-57i 57-36i 63-14i 63+10i 54+33i 38+50i 16+59i -11+61i
 -34-26i -19-35i -3-40i 13-42i 25-37i 35-26i 44-8i 46+10i
 -14-56i 11-57i 30-50i 46-37i 55-20i 56-2i 50+16i 37+35i
 -51+43i -63+21i -67-3i -59-28i -45-46i -24-58i 1-65i 22-62i
 -41+11i -45-3i -40-19i -28-31i -13-38i 6-38i 21-32i 32-22i
 49+57i 22+70i -5+72i -31+65i -54+47i -64+21i -63-10i -53-41i
 16-65i 36-57i 52-39i 61-13i 59+12i 46+32i 23+47i 3+50i
 -100+50i -111+6i -106-46i -85-83i -50-106i 0-109i 45-96i 81-72i
 39+90i 8+94i -25+89i -57+74i -78+52i -91+20i -93-22i -82-57i
 -65+34i -71+13i -67-12i -57-31i -43-48i -21-60i 0-63i 22-59i
 -1+47i -20+39i -34+26i -45+10i -48-9i -42-23i -29-35i -11-42i
 94-33i 98+5i 88+43i 63+78i 32+99i -5+104i -47+90i -76+64i
 -64-8i -56-30i -38-51i -17-63i 5-65i 29-54i 46-35i 57-12i
 -15+39i -30+32i -39+21i -45+7i -44-11i -37-27i -24-39i -4-46i
 -48+27i -56+10i -57-11i -49-30i -34-46i -10-56i 12-54i 30-45i
 59+29i 42+50i 20+61i -6+63i -33+53i -51+36i -61+15i -61-8i

 标签ANT_2A 采集顺序:4B 4A 3A 3B 2A 2B 7B 7A 6B 6A 5B 5A * 2 MAC:b231f9e364c4
 27-36i 39-23i 44-7i 42+10i 35+27i 22+41i 9+45i -7+40i
 -72-8i -64-37i -46-56i -24-68i 4-71i 28-65i 49-49i 63-20i
 43+39i 25+53i 2+59i -26+55i -47+43i -62+24i -64-4i -54-30i
 4-111i 49-102i 81-76i 103-42i 114+3i 106+43i 81+78i 38+103i
 -94+3i -88-33i -71-64i -41-88i -9-97i 25-93i 64-71i 90-38i
 2-70i 27-65i 49-49i 62-29i 67-5i 61+24i 47+47i 27+62i
 -34-29i -22-42i -5-46i 13-43i 31-32i 42-19i 46-4i 41+12i
 -20+98i -57+85i -84+59i -100+18i -99-19i -86-52i -55-80i -16-92i
 54-32i 61-12i 58+11i 50+30i 38+45i 19+56i 0+58i -21+51i
 -24-42i -9-46i 7-42i 23-32i 34-20i 39-7i 41+8i 37+22i
 -10-59i 15-58i 37-46i 50-29i 56-8i 55+15i 45+33i 29+46i
 -55+28i -64+5i -62-18i -52-39i -33-55i -12-62i 12-62i 38-53i
 -40-11i -34-24i -22-35i -4-42i 12-43i 26-39i 35-26i 36-10i
 11+70i -17+70i -45+55i -64+33i -74+8i -73-19i -62-37i -42-50i
 27-52i 48-37i 58-17i 60+5i 52+28i 39+44i 20+55i -6+57i
 -107+24i -113-17i -100-58i -74-85i -37-103i 10-109i 49-97i 79-71i
 29+88i -9+94i -42+85i -70+65i -90+32i -95-4i -86-41i -62-78i
 -73+16i -76-12i -67-35i -45-54i -20-65i 6-69i 33-61i 52-45i
 -31+39i -39+26i -45+8i -45-10i -41-25i -29-40i -12-45i 8-41i
 102+6i 88+45i 63+71i 30+87i -11+94i -47+85i -77+61i -98+18i
 -54-47i -34-62i -10-66i 14-61i 34-53i 50-39i 61-16i 60+7i
 -32+38i -46+25i -48+5i -44-15i -32-31i -19-40i -3-42i 15-40i
 -55+5i -53-16i -45-34i -27-51i -5-60i 20-59i 42-47i 53-27i
 31+54i 8+63i -16+61i -35+52i -48+37i -58+14i -60-10i -53-36i

 标签ANT_2A 采集顺序:4B 4A 3A 3B 2A 2B 7B 7A 6B 6A 5B 5A * 2 MAC:b231f9e364c4
 7+43i -14+43i -29+38i -39+24i -44+9i -45-6i -37-23i -23-33i
 61-43i 71-16i 70+14i 59+38i 42+57i 18+69i -4+69i -27+57i
 -55+1i -54-21i -43-38i -25-48i -2-55i 20-53i 38-42i 52-20i
 75+82i 39+106i -3+111i -51+97i -87+71i -109+34i -110-11i -91-48i
 78-55i 95-24i 98+16i 87+51i 65+79i 29+97i -8+99i -45+89i
 45+50i 20+67i -4+72i -29+66i -54+48i -66+26i -65+0i -55-29i
 53+5i 46+21i 33+38i 18+48i -2+50i -25+40i -39+22i -43+2i
 -42-93i -2-103i 35-99i 68-80i 94-42i 101-1i 90+40i 60+76i
 -17+63i -38+53i -52+37i -62+12i -63-11i -56-34i -39-56i -15-62i
 41+9i 37+25i 23+38i 8+44i -10+44i -29+36i -41+22i -46+3i
 30+46i 8+55i -12+55i -30+48i -46+35i -56+19i -58-2i -50-25i
 29-57i 45-43i 56-25i 63-2i 60+20i 47+40i 23+55i -3+59i
 41-12i 44+7i 40+20i 31+30i 15+39i -3+41i -20+36i -34+24i
 -55-47i -32-62i -7-68i 22-66i 44-56i 62-38i 70-7i 65+21i
 11+55i -9+56i -29+48i -44+34i -55+13i -62-11i -54-30i -35-44i
 61-90i 96-56i 108-18i 103+23i 84+64i 56+92i 20+108i -25+106i
 -89-48i -65-78i -30-95i 11-99i 46-90i 75-70i 96-33i 100+6i
 43-53i 60-31i 67-3i 63+25i 50+48i 28+64i 3+64i -21+55i
 -2-46i 13-39i 30-28i 42-14i 47+0i 45+15i 33+30i 19+39i
 -89+54i -101+19i -98-21i -85-52i -63-79i -25-96i 15-95i 55-79i
 60-4i 61+21i 51+40i 33+55i 6+64i -19+61i -39+48i -54+26i
 7-45i 18-39i 28-26i 38-8i 42+8i 41+23i 32+36i 17+43i
 40-47i 51-32i 56-8i 54+15i 47+35i 33+50i 16+56i -5+53i
 -61-11i -54-35i -38-51i -17-61i 9-63i 29-56i 47-42i 61-19i

 标签ANT_2A 采集顺序:4B 4A 3A 3B 2A 2B 7B 7A 6B 6A 5B 5A * 2 MAC:b231f9e364c4
 -15+38i -32+31i -45+19i -50+5i -47-10i -37-27i -23-38i -6-42i
 71-17i 74+16i 61+42i 40+61i 13+72i -12+73i -37+62i -58+38i
 -53-27i -39-46i -19-57i 7-61i 30-55i 49-41i 58-16i 55+11i
 17+111i -25+112i -67+91i -95+58i -111+17i -110-30i -92-65i -59-90i
 96-16i 97+23i 82+56i 55+81i 18+95i -18+94i -52+80i -81+51i
 14+66i -13+67i -36+57i -57+36i -68+11i -68-19i -57-42i -37-58i
 34+28i 23+40i 9+45i -8+45i -28+39i -41+29i -45+14i -39-6i
 25-99i 61-84i 86-56i 99-16i 99+20i 85+53i 55+81i 18+94i
 -45+44i -60+25i -64+0i -57-21i -45-39i -26-53i -7-58i 15-55i
 30+32i 14+43i -2+45i -17+40i -29+27i -37+13i -43-1i -44-18i
 8+54i -12+56i -30+51i -47+36i -56+15i -58-8i -48-30i -30-44i
 52-35i 63-14i 62+9i 51+29i 33+47i 13+57i -10+60i -38+53i
 39+2i 33+17i 25+29i 11+40i -5+43i -21+38i -35+24i -40+7i
 -22-73i 5-78i 33-68i 53-51i 68-29i 74+1i 68+27i 50+49i
 -30+48i -51+34i -62+14i -64-9i -57-35i -40-51i -16-58i 13-55i
 109-37i 114+4i 104+45i 76+83i 41+106i 2+115i -43+106i -78+81i
 -43-85i -9-99i 30-93i 62-73i 85-45i 96-4i 91+33i 72+67i
 62-23i 67+5i 62+27i 47+50i 27+66i 5+72i -23+65i -45+47i
 27-43i 43-31i 53-11i 53+9i 44+28i 28+42i 11+46i -6+44i
 -99+18i -98-23i -83-54i -59-79i -24-95i 11-98i 46-86i 79-58i
 63+17i 55+36i 39+49i 14+58i -14+60i -39+52i -60+31i -67+5i
 22-43i 34-31i 43-14i 45+5i 40+24i 25+40i 8+45i -11+43i
 54-18i 55+5i 49+24i 36+42i 15+56i -5+60i -23+53i -39+35i
 -46-45i -25-59i 2-64i 33-58i 53-42i 67-17i 67+7i 59+31i

 标签ANT_2A 采集顺序:4B 4A 3A 3B 2A 2B 7B 7A 6B 6A 5B 5A * 2 MAC:b231f9e364c4
 -25+33i -37+16i -42-2i -39-18i -30-31i -14-40i 3-39i 18-33i
 73+11i 60+40i 40+58i 15+68i -15+68i -38+61i -57+45i -68+14i
 -32-48i -13-61i 8-63i 30-55i 48-39i 59-17i 60+13i 49+36i
 -25+110i -68+93i -95+63i -110+25i -110-22i -94-60i -65-88i -22-104i
 96+23i 84+57i 57+82i 18+96i -18+95i -51+81i -82+47i -98+8i
 -14+67i -39+56i -58+34i -67+12i -68-10i -62-34i -50-55i -31-68i
 23+32i 6+47i -11+48i -26+40i -39+25i -45+9i -45-8i -36-23i
 42-96i 74-72i 93-39i 97+3i 89+40i 67+73i 30+97i -12+101i
 -57+29i -65+7i -63-18i -53-39i -37-56i -11-65i 15-60i 38-45i
 18+41i 1+43i -17+38i -35+28i -44+14i -46-3i -40-22i -29-37i
 1+57i -23+49i -47+33i -59+13i -62-10i -55-32i -40-47i -17-54i
 56-7i 57+13i 50+31i 37+47i 19+60i -2+62i -25+56i -49+41i
 45+13i 38+28i 25+38i 5+43i -14+41i -30+33i -42+16i -43-2i
 -16-70i 14-70i 43-57i 62-39i 72-16i 72+13i 57+36i 31+56i
 -38+52i -55+37i -61+13i -60-14i -49-43i -32-60i -12-66i 13-57i
 107-14i 107+28i 89+69i 60+95i 23+111i -23+110i -62+91i -90+57i
 -5-101i 34-95i 64-74i 84-43i 94-3i 88+32i 71+64i 38+91i
 69-8i 65+17i 54+39i 33+58i 10+68i -13+66i -37+52i -54+32i
 36-44i 47-26i 49-3i 43+15i 33+30i 18+41i 2+42i -14+36i
 -101-15i -82-55i -51-83i -14-100i 29-98i 61-81i 84-52i 94-10i
 40+47i 18+63i -6+67i -32+60i -50+46i -60+25i -62-5i -55-28i
 35-30i 44-9i 44+10i 36+27i 19+40i 1+44i -15+42i -28+36i
 59-4i 57+20i 48+39i 31+52i 13+58i -5+55i -24+43i -39+28i
 -32-55i -11-63i 16-61i 38-52i 55-37i 65-15i 65+8i 55+32i

 标签ANT_2A 采集顺序:4B 4A 3A 3B 2A 2B 7B 7A 6B 6A 5B 5A * 2 MAC:b231f9e364c4
 16-47i 33-36i 43-19i 43-2i 38+14i 28+30i 14+39i -1+41i
 -72+8i -71-23i -59-46i -40-63i -13-74i 13-74i 36-64i 54-39i
 53+19i 43+35i 27+47i 3+56i -19+57i -39+47i -55+25i -56-2i
 -27-104i 13-107i 53-91i 83-64i 104-29i 110+16i 99+53i 72+81i
 -94+24i -98-16i -86-50i -61-81i -31-97i 5-100i 46-88i 79-66i
 -19-61i 7-65i 34-59i 53-43i 66-21i 69+7i 61+32i 44+51i
 -35-29i -24-40i -11-46i 5-48i 24-44i 40-32i 47-14i 43+8i
 -11+96i -46+87i -73+68i -93+36i -99+2i -93-33i -68-68i -36-88i
 34-56i 54-40i 66-14i 66+11i 58+34i 41+53i 20+62i -6+62i
 -30-33i -11-42i 6-41i 22-35i 34-24i 41-12i 44+0i 45+14i
 -13-57i 10-57i 33-48i 49-33i 59-14i 60+9i 51+28i 32+43i
 -53+33i -66+9i -66-12i -57-32i -38-51i -15-59i 10-59i 38-49i
 -31-14i -26-26i -20-33i -11-37i 2-38i 19-34i 34-22i 40-7i
 33+65i 7+71i -23+68i -48+55i -66+34i -75+4i -70-24i -52-49i
 15-60i 39-50i 55-31i 62-7i 59+22i 45+42i 23+53i -6+54i
 -103+40i -110+4i -106-33i -87-73i -59-103i -20-119i 29-114i 67-90i
 53+80i 18+95i -18+93i -52+78i -81+51i -94+19i -94-18i -76-61i
 -61+26i -68+2i -66-22i -55-46i -34-62i -8-69i 22-65i 42-52i
 -18+42i -33+33i -44+18i -48+3i -48-13i -39-31i -23-41i -3-43i
 93-27i 99+17i 85+53i 58+79i 20+94i -16+95i -50+82i -80+50i
 -56-30i -45-50i -26-61i -3-65i 17-61i 33-53i 47-36i 54-15i
 -15+41i -29+34i -42+17i -46-1i -42-19i -31-33i -15-42i 3-45i
 -47+31i -55+8i -57-13i -48-35i -35-49i -15-58i 11-59i 33-48i
 58+33i 41+52i 14+63i -11+63i -34+55i -54+35i -63+10i -63-18i

 标签ANT_2A 采集顺序:4B 4A 3A 3B 2A 2B 7B 7A 6B 6A 5B 5A * 2 MAC:b231f9e364c4
 -18+37i -28+29i -36+18i -43+4i -44-11i -36-25i -17-36i 1-40i
 72-17i 72+9i 59+39i 38+61i 14+74i -16+74i -42+59i -62+34i
 -54-38i -37-52i -16-59i 7-60i 30-52i 47-36i 55-13i 54+13i
 25+115i -16+114i -58+96i -96+61i -114+22i -115-19i -91-58i -61-83i
 98-14i 96+27i 78+60i 50+84i 8+95i -32+89i -67+70i -92+38i
 -6+73i -33+67i -55+51i -71+24i -74-4i -66-31i -47-54i -26-66i
 31+31i 18+39i 0+44i -19+43i -35+37i -46+21i -46+1i -41-17i
 19-103i 61-86i 89-55i 103-18i 102+24i 82+56i 50+80i 12+95i
 -38+52i -53+33i -61+8i -60-22i -52-43i -37-56i -13-61i 9-58i
 25+35i 11+41i -8+43i -23+38i -35+27i -43+10i -44-8i -38-24i
 3+54i -15+54i -34+46i -53+27i -61+6i -58-17i -42-38i -24-48i
 57-28i 62-6i 61+18i 52+35i 37+48i 14+58i -11+60i -34+54i
 44+1i 38+18i 26+29i 12+39i -4+41i -17+37i -27+26i -35+12i
 -25-61i -1-67i 27-65i 56-51i 73-30i 76-2i 62+31i 39+54i
 -38+48i -50+29i -56+3i -57-19i -51-37i -35-51i -13-57i 9-59i
 114-43i 120+3i 109+42i 87+76i 49+103i 7+111i -36+102i -74+76i
 -31-91i 6-97i 45-88i 73-70i 90-40i 96+2i 88+42i 68+72i
 70-14i 69+9i 60+28i 44+46i 21+62i -3+67i -28+62i -50+44i
 29-36i 40-23i 45-9i 44+8i 38+23i 26+35i 7+43i -11+44i
 -99+0i -93-35i -73-69i -44-92i -8-104i 37-99i 72-73i 95-37i
 56+37i 39+55i 20+65i -1+69i -25+64i -43+48i -56+24i -62-3i
 28-38i 41-26i 49-9i 47+12i 36+27i 21+38i 2+44i -14+44i
 56-9i 62+13i 57+34i 43+52i 20+63i -4+60i -24+49i -40+33i
 -36-49i -17-60i 6-64i 29-58i 45-44i 55-24i 59+0i 56+21i

 标签ANT_2A 采集顺序:4B 4A 3A 3B 2A 2B 7B 7A 6B 6A 5B 5A * 2 MAC:b231f9e364c4
 45+7i 37+26i 23+36i 6+40i -13+39i -28+32i -38+20i -42+2i
 -7-70i 23-69i 48-56i 65-31i 72-4i 70+24i 55+50i 33+64i
 -34+50i -54+36i -64+12i -61-12i -50-35i -32-54i -13-61i 9-56i
 109-7i 102+45i 78+81i 43+103i -2+111i -41+103i -74+81i -99+42i
 5-94i 43-89i 79-64i 97-32i 102+3i 89+44i 64+75i 31+96i
 65-8i 64+21i 55+41i 39+58i 13+68i -12+67i -35+57i -56+33i
 34-26i 42-16i 44-3i 42+14i 35+29i 22+41i 2+47i -16+40i
 -98-14i -86-49i -59-78i -27-94i 10-97i 50-83i 80-56i 97-18i
 42+50i 19+64i -5+64i -27+58i -51+44i -65+26i -68+3i -57-24i
 37-27i 44-15i 45+1i 38+19i 28+31i 15+39i -1+40i -16+38i
 53-11i 54+11i 47+28i 34+43i 12+55i -9+55i -28+45i -46+24i
 -27-55i -7-63i 18-61i 43-50i 60-31i 67-6i 62+25i 49+47i
 6-45i 23-39i 36-26i 43-13i 44+2i 39+17i 28+30i 11+38i
 -69+22i -73-7i -67-30i -54-50i -33-67i -11-74i 14-72i 42-55i
 63+14i 52+38i 30+54i 1+62i -24+58i -45+47i -59+24i -60-2i
 -28-107i 11-112i 55-94i 87-65i 107-26i 110+21i 91+60i 55+88i
 -94+14i -96-17i -84-45i -57-72i -28-88i 7-94i 48-84i 80-58i
 -19-68i 7-69i 32-61i 51-45i 64-23i 70+4i 64+28i 50+49i
 -41-17i -34-34i -20-45i -3-51i 17-50i 33-40i 43-23i 44+1i
 23+94i -17+95i -53+80i -82+50i -95+18i -95-17i -79-55i -53-82i
 27-62i 49-46i 63-21i 65+3i 59+23i 45+43i 24+54i 0+58i
 -38-20i -25-34i -9-43i 7-45i 23-38i 34-26i 41-10i 44+8i
 -22-56i -2-60i 19-54i 37-42i 51-24i 59+1i 55+23i 41+40i
 -37+49i -56+30i -62+8i -60-16i -49-40i -33-55i -11-64i 18-64i

